[[1;34mINFO[m] Scanning for projects...
[[1;33mWARNING[m] 
[[1;33mWARNING[m] Some problems were encountered while building the effective model for org.mb:tedd:jar:1.0
[[1;33mWARNING[m] 'dependencies.dependency.systemPath' for edu.mit.jwi:edu.mit.jwi:jar should not point at files within the project directory, ${project.basedir}/src/main/resources/lib/edu.mit.jwi.jar will be unresolvable by dependent projects @ line 96, column 25
[[1;33mWARNING[m] 'dependencies.dependency.systemPath' for edu.cmu.lti:jawjaw:jar should not point at files within the project directory, ${project.basedir}/src/main/resources/lib/jawjaw.jar will be unresolvable by dependent projects @ line 110, column 25
[[1;33mWARNING[m] 'dependencies.dependency.systemPath' for edu.cmu.lti:ws4j:jar should not point at files within the project directory, ${project.basedir}/src/main/resources/lib/ws4j.jar will be unresolvable by dependent projects @ line 117, column 25
[[1;33mWARNING[m] 
[[1;33mWARNING[m] It is highly recommended to fix these problems because they threaten the stability of your build.
[[1;33mWARNING[m] 
[[1;33mWARNING[m] For this reason, future Maven versions might no longer support building such malformed projects.
[[1;33mWARNING[m] 
[[1;34mINFO[m] 
[[1;34mINFO[m] [1m----------------------------< [0;36morg.mb:tedd[0;1m >-----------------------------[m
[[1;34mINFO[m] [1mBuilding tedd 1.0[m
[[1;34mINFO[m] [1m--------------------------------[ jar ]---------------------------------[m
[[1;33mWARNING[m] The POM for edu.illinois.cs.cogcomp:illinois-prepsrl-model:jar:3.1 is invalid, transitive dependencies (if any) will not be available, enable debug logging for more details
[[1;34mINFO[m] 
[[1;34mINFO[m] [1m--- [0;32mmaven-resources-plugin:2.6:resources[m [1m(default-resources)[m @ [36mtedd[0;1m ---[m
[[1;33mWARNING[m] Using platform encoding (UTF-8 actually) to copy filtered resources, i.e. build is platform dependent!
[[1;34mINFO[m] Copying 239 resources
[[1;34mINFO[m] 
[[1;34mINFO[m] [1m--- [0;32mmaven-compiler-plugin:3.7.0:compile[m [1m(default-compile)[m @ [36mtedd[0;1m ---[m
[[1;34mINFO[m] Nothing to compile - all classes are up to date
[[1;34mINFO[m] [1m------------------------------------------------------------------------[m
[[1;34mINFO[m] [1;32mBUILD SUCCESS[m
[[1;34mINFO[m] [1m------------------------------------------------------------------------[m
[[1;34mINFO[m] Total time:  5.134 s
[[1;34mINFO[m] Finished at: 2023-07-19T16:31:48Z
[[1;34mINFO[m] [1m------------------------------------------------------------------------[m
[[1;34mINFO[m] Scanning for projects...
[[1;34mINFO[m] 
[[1;34mINFO[m] [1m-------------------< [0;36mtestsuite-ppma:testsuite-ppma[0;1m >--------------------[m
[[1;34mINFO[m] [1mBuilding testsuite-ppma 1.0-SNAPSHOT[m
[[1;34mINFO[m] [1m--------------------------------[ jar ]---------------------------------[m
[[1;34mINFO[m] 
[[1;34mINFO[m] [1m--- [0;32mmaven-resources-plugin:2.6:resources[m [1m(default-resources)[m @ [36mtestsuite-ppma[0;1m ---[m
[[1;34mINFO[m] Using 'UTF-8' encoding to copy filtered resources.
[[1;34mINFO[m] Copying 2 resources
[[1;34mINFO[m] 
[[1;34mINFO[m] [1m--- [0;32mmaven-compiler-plugin:3.7.0:compile[m [1m(default-compile)[m @ [36mtestsuite-ppma[0;1m ---[m
[[1;34mINFO[m] Nothing to compile - all classes are up to date
[[1;34mINFO[m] [1m------------------------------------------------------------------------[m
[[1;34mINFO[m] [1;32mBUILD SUCCESS[m
[[1;34mINFO[m] [1m------------------------------------------------------------------------[m
[[1;34mINFO[m] Total time:  2.024 s
[[1;34mINFO[m] Finished at: 2023-07-19T16:31:54Z
[[1;34mINFO[m] [1m------------------------------------------------------------------------[m
/home/vagrant/workspace/FSE19-submission-material/tedd
=====================================================================================
================================[ Execution ]========================================
=====================================================================================
Loading class `com.mysql.jdbc.Driver'. This is deprecated. The new driver class is `com.mysql.cj.jdbc.Driver'. The driver is automatically registered via the SPI and manual loading of the driver class is generally unnecessary.
SLF4J: No SLF4J providers were found.
SLF4J: Defaulting to no-operation (NOP) logger implementation
SLF4J: See https://www.slf4j.org/codes.html#noProviders for further details.
SLF4J: Class path contains SLF4J bindings targeting slf4j-api versions 1.7.x or earlier.
SLF4J: Ignoring binding found at [jar:file:/home/vagrant/.m2/repository/org/slf4j/slf4j-nop/1.7.25/slf4j-nop-1.7.25.jar!/org/slf4j/impl/StaticLoggerBinder.class]
SLF4J: See https://www.slf4j.org/codes.html#ignoredBindings for an explanation.
ChromeDriver was started successfully.
2023-07-19 16:32:09,984 INFO org.mb.tedd.algorithm.execution.RemoteJUnitCore - Run 1 + 0
2023-07-19 16:32:09,985 INFO org.mb.tedd.algorithm.execution.RemoteJUnitCore - Failed 0
2023-07-19 16:32:09,985 INFO org.mb.tedd.algorithm.execution.RemoteJUnitCore - Ignored 0
Loading class `com.mysql.jdbc.Driver'. This is deprecated. The new driver class is `com.mysql.cj.jdbc.Driver'. The driver is automatically registered via the SPI and manual loading of the driver class is generally unnecessary.
SLF4J: No SLF4J providers were found.
SLF4J: Defaulting to no-operation (NOP) logger implementation
SLF4J: See https://www.slf4j.org/codes.html#noProviders for further details.
SLF4J: Class path contains SLF4J bindings targeting slf4j-api versions 1.7.x or earlier.
SLF4J: Ignoring binding found at [jar:file:/home/vagrant/.m2/repository/org/slf4j/slf4j-nop/1.7.25/slf4j-nop-1.7.25.jar!/org/slf4j/impl/StaticLoggerBinder.class]
SLF4J: See https://www.slf4j.org/codes.html#ignoredBindings for an explanation.
ChromeDriver was started successfully.
2023-07-19 16:32:15,366 INFO org.mb.tedd.algorithm.execution.RemoteJUnitCore - Run 1 + 0
2023-07-19 16:32:15,367 INFO org.mb.tedd.algorithm.execution.RemoteJUnitCore - Failed 1
2023-07-19 16:32:15,367 INFO org.mb.tedd.algorithm.execution.RemoteJUnitCore - Ignored 0
2023-07-19 16:32:15,374 INFO org.mb.tedd.algorithm.execution.ResultsCollector - Test PasswordManagerSearchEntryByNameTest failed
2023-07-19 16:32:15,377 INFO org.mb.tedd.algorithm.execution.ResultsCollector - Assertion error: java.lang.AssertionError
	at org.junit.Assert.fail(Assert.java:86)
	at org.junit.Assert.assertTrue(Assert.java:41)
	at org.junit.Assert.assertTrue(Assert.java:52)
	at tests.PasswordManagerSearchEntryByNameTest.testPasswordManagerSearchEntryByName(PasswordManagerSearchEntryByNameTest.java:41)
	at java.base/jdk.internal.reflect.NativeMethodAccessorImpl.invoke0(Native Method)
	at java.base/jdk.internal.reflect.NativeMethodAccessorImpl.invoke(NativeMethodAccessorImpl.java:62)
	at java.base/jdk.internal.reflect.DelegatingMethodAccessorImpl.invoke(DelegatingMethodAccessorImpl.java:43)
	at java.base/java.lang.reflect.Method.invoke(Method.java:566)
	at org.junit.runners.model.FrameworkMethod$1.runReflectiveCall(FrameworkMethod.java:50)
	at org.junit.internal.runners.model.ReflectiveCallable.run(ReflectiveCallable.java:12)
	at org.junit.runners.model.FrameworkMethod.invokeExplosively(FrameworkMethod.java:47)
	at org.junit.internal.runners.statements.InvokeMethod.evaluate(InvokeMethod.java:17)
	at org.junit.internal.runners.statements.RunBefores.evaluate(RunBefores.java:26)
	at org.junit.internal.runners.statements.RunAfters.evaluate(RunAfters.java:27)
	at org.junit.runners.ParentRunner.runLeaf(ParentRunner.java:325)
	at org.junit.runners.BlockJUnit4ClassRunner.runChild(BlockJUnit4ClassRunner.java:78)
	at org.junit.runners.BlockJUnit4ClassRunner.runChild(BlockJUnit4ClassRunner.java:57)
	at org.junit.runners.ParentRunner$3.run(ParentRunner.java:290)
	at org.junit.runners.ParentRunner$1.schedule(ParentRunner.java:71)
	at org.junit.runners.ParentRunner.runChildren(ParentRunner.java:288)
	at org.junit.runners.ParentRunner.access$000(ParentRunner.java:58)
	at org.junit.runners.ParentRunner$2.evaluate(ParentRunner.java:268)
	at org.junit.runners.ParentRunner.run(ParentRunner.java:363)
	at org.junit.runners.Suite.runChild(Suite.java:128)
	at org.junit.runners.Suite.runChild(Suite.java:27)
	at org.junit.runners.ParentRunner$3.run(ParentRunner.java:290)
	at org.junit.runners.ParentRunner$1.schedule(ParentRunner.java:71)
	at org.junit.runners.ParentRunner.runChildren(ParentRunner.java:288)
	at org.junit.runners.ParentRunner.access$000(ParentRunner.java:58)
	at org.junit.runners.ParentRunner$2.evaluate(ParentRunner.java:268)
	at org.junit.runners.ParentRunner.run(ParentRunner.java:363)
	at org.junit.runner.JUnitCore.run(JUnitCore.java:137)
	at org.junit.runner.JUnitCore.run(JUnitCore.java:115)
	at org.junit.runner.JUnitCore.run(JUnitCore.java:105)
	at org.junit.runner.JUnitCore.run(JUnitCore.java:94)
	at org.mb.tedd.algorithm.execution.RemoteJUnitCore.main(RemoteJUnitCore.java:127)

Loading class `com.mysql.jdbc.Driver'. This is deprecated. The new driver class is `com.mysql.cj.jdbc.Driver'. The driver is automatically registered via the SPI and manual loading of the driver class is generally unnecessary.
SLF4J: No SLF4J providers were found.
SLF4J: Defaulting to no-operation (NOP) logger implementation
SLF4J: See https://www.slf4j.org/codes.html#noProviders for further details.
SLF4J: Class path contains SLF4J bindings targeting slf4j-api versions 1.7.x or earlier.
SLF4J: Ignoring binding found at [jar:file:/home/vagrant/.m2/repository/org/slf4j/slf4j-nop/1.7.25/slf4j-nop-1.7.25.jar!/org/slf4j/impl/StaticLoggerBinder.class]
SLF4J: See https://www.slf4j.org/codes.html#ignoredBindings for an explanation.
ChromeDriver was started successfully.
2023-07-19 16:32:20,746 INFO org.mb.tedd.algorithm.execution.RemoteJUnitCore - Run 1 + 0
2023-07-19 16:32:20,746 INFO org.mb.tedd.algorithm.execution.RemoteJUnitCore - Failed 1
2023-07-19 16:32:20,747 INFO org.mb.tedd.algorithm.execution.RemoteJUnitCore - Ignored 0
2023-07-19 16:32:20,753 INFO org.mb.tedd.algorithm.execution.ResultsCollector - Test PasswordManagerSearchEntryByUsernameTest failed
2023-07-19 16:32:20,753 INFO org.mb.tedd.algorithm.execution.ResultsCollector - Assertion error: java.lang.AssertionError
	at org.junit.Assert.fail(Assert.java:86)
	at org.junit.Assert.assertTrue(Assert.java:41)
	at org.junit.Assert.assertTrue(Assert.java:52)
	at tests.PasswordManagerSearchEntryByUsernameTest.testPasswordManagerSearchEntryByUsername(PasswordManagerSearchEntryByUsernameTest.java:41)
	at java.base/jdk.internal.reflect.NativeMethodAccessorImpl.invoke0(Native Method)
	at java.base/jdk.internal.reflect.NativeMethodAccessorImpl.invoke(NativeMethodAccessorImpl.java:62)
	at java.base/jdk.internal.reflect.DelegatingMethodAccessorImpl.invoke(DelegatingMethodAccessorImpl.java:43)
	at java.base/java.lang.reflect.Method.invoke(Method.java:566)
	at org.junit.runners.model.FrameworkMethod$1.runReflectiveCall(FrameworkMethod.java:50)
	at org.junit.internal.runners.model.ReflectiveCallable.run(ReflectiveCallable.java:12)
	at org.junit.runners.model.FrameworkMethod.invokeExplosively(FrameworkMethod.java:47)
	at org.junit.internal.runners.statements.InvokeMethod.evaluate(InvokeMethod.java:17)
	at org.junit.internal.runners.statements.RunBefores.evaluate(RunBefores.java:26)
	at org.junit.internal.runners.statements.RunAfters.evaluate(RunAfters.java:27)
	at org.junit.runners.ParentRunner.runLeaf(ParentRunner.java:325)
	at org.junit.runners.BlockJUnit4ClassRunner.runChild(BlockJUnit4ClassRunner.java:78)
	at org.junit.runners.BlockJUnit4ClassRunner.runChild(BlockJUnit4ClassRunner.java:57)
	at org.junit.runners.ParentRunner$3.run(ParentRunner.java:290)
	at org.junit.runners.ParentRunner$1.schedule(ParentRunner.java:71)
	at org.junit.runners.ParentRunner.runChildren(ParentRunner.java:288)
	at org.junit.runners.ParentRunner.access$000(ParentRunner.java:58)
	at org.junit.runners.ParentRunner$2.evaluate(ParentRunner.java:268)
	at org.junit.runners.ParentRunner.run(ParentRunner.java:363)
	at org.junit.runners.Suite.runChild(Suite.java:128)
	at org.junit.runners.Suite.runChild(Suite.java:27)
	at org.junit.runners.ParentRunner$3.run(ParentRunner.java:290)
	at org.junit.runners.ParentRunner$1.schedule(ParentRunner.java:71)
	at org.junit.runners.ParentRunner.runChildren(ParentRunner.java:288)
	at org.junit.runners.ParentRunner.access$000(ParentRunner.java:58)
	at org.junit.runners.ParentRunner$2.evaluate(ParentRunner.java:268)
	at org.junit.runners.ParentRunner.run(ParentRunner.java:363)
	at org.junit.runner.JUnitCore.run(JUnitCore.java:137)
	at org.junit.runner.JUnitCore.run(JUnitCore.java:115)
	at org.junit.runner.JUnitCore.run(JUnitCore.java:105)
	at org.junit.runner.JUnitCore.run(JUnitCore.java:94)
	at org.mb.tedd.algorithm.execution.RemoteJUnitCore.main(RemoteJUnitCore.java:127)

Loading class `com.mysql.jdbc.Driver'. This is deprecated. The new driver class is `com.mysql.cj.jdbc.Driver'. The driver is automatically registered via the SPI and manual loading of the driver class is generally unnecessary.
SLF4J: No SLF4J providers were found.
SLF4J: Defaulting to no-operation (NOP) logger implementation
SLF4J: See https://www.slf4j.org/codes.html#noProviders for further details.
SLF4J: Class path contains SLF4J bindings targeting slf4j-api versions 1.7.x or earlier.
SLF4J: Ignoring binding found at [jar:file:/home/vagrant/.m2/repository/org/slf4j/slf4j-nop/1.7.25/slf4j-nop-1.7.25.jar!/org/slf4j/impl/StaticLoggerBinder.class]
SLF4J: See https://www.slf4j.org/codes.html#ignoredBindings for an explanation.
ChromeDriver was started successfully.
2023-07-19 16:32:26,860 INFO org.mb.tedd.algorithm.execution.RemoteJUnitCore - Run 1 + 0
2023-07-19 16:32:26,861 INFO org.mb.tedd.algorithm.execution.RemoteJUnitCore - Failed 1
2023-07-19 16:32:26,862 INFO org.mb.tedd.algorithm.execution.RemoteJUnitCore - Ignored 0
2023-07-19 16:32:26,871 INFO org.mb.tedd.algorithm.execution.ResultsCollector - Test PasswordManagerSearchEntryByUrlTest failed
2023-07-19 16:32:26,871 INFO org.mb.tedd.algorithm.execution.ResultsCollector - Assertion error: java.lang.AssertionError
	at org.junit.Assert.fail(Assert.java:86)
	at org.junit.Assert.assertTrue(Assert.java:41)
	at org.junit.Assert.assertTrue(Assert.java:52)
	at tests.PasswordManagerSearchEntryByUrlTest.testPasswordManagerSearchEntryByUrl(PasswordManagerSearchEntryByUrlTest.java:44)
	at java.base/jdk.internal.reflect.NativeMethodAccessorImpl.invoke0(Native Method)
	at java.base/jdk.internal.reflect.NativeMethodAccessorImpl.invoke(NativeMethodAccessorImpl.java:62)
	at java.base/jdk.internal.reflect.DelegatingMethodAccessorImpl.invoke(DelegatingMethodAccessorImpl.java:43)
	at java.base/java.lang.reflect.Method.invoke(Method.java:566)
	at org.junit.runners.model.FrameworkMethod$1.runReflectiveCall(FrameworkMethod.java:50)
	at org.junit.internal.runners.model.ReflectiveCallable.run(ReflectiveCallable.java:12)
	at org.junit.runners.model.FrameworkMethod.invokeExplosively(FrameworkMethod.java:47)
	at org.junit.internal.runners.statements.InvokeMethod.evaluate(InvokeMethod.java:17)
	at org.junit.internal.runners.statements.RunBefores.evaluate(RunBefores.java:26)
	at org.junit.internal.runners.statements.RunAfters.evaluate(RunAfters.java:27)
	at org.junit.runners.ParentRunner.runLeaf(ParentRunner.java:325)
	at org.junit.runners.BlockJUnit4ClassRunner.runChild(BlockJUnit4ClassRunner.java:78)
	at org.junit.runners.BlockJUnit4ClassRunner.runChild(BlockJUnit4ClassRunner.java:57)
	at org.junit.runners.ParentRunner$3.run(ParentRunner.java:290)
	at org.junit.runners.ParentRunner$1.schedule(ParentRunner.java:71)
	at org.junit.runners.ParentRunner.runChildren(ParentRunner.java:288)
	at org.junit.runners.ParentRunner.access$000(ParentRunner.java:58)
	at org.junit.runners.ParentRunner$2.evaluate(ParentRunner.java:268)
	at org.junit.runners.ParentRunner.run(ParentRunner.java:363)
	at org.junit.runners.Suite.runChild(Suite.java:128)
	at org.junit.runners.Suite.runChild(Suite.java:27)
	at org.junit.runners.ParentRunner$3.run(ParentRunner.java:290)
	at org.junit.runners.ParentRunner$1.schedule(ParentRunner.java:71)
	at org.junit.runners.ParentRunner.runChildren(ParentRunner.java:288)
	at org.junit.runners.ParentRunner.access$000(ParentRunner.java:58)
	at org.junit.runners.ParentRunner$2.evaluate(ParentRunner.java:268)
	at org.junit.runners.ParentRunner.run(ParentRunner.java:363)
	at org.junit.runner.JUnitCore.run(JUnitCore.java:137)
	at org.junit.runner.JUnitCore.run(JUnitCore.java:115)
	at org.junit.runner.JUnitCore.run(JUnitCore.java:105)
	at org.junit.runner.JUnitCore.run(JUnitCore.java:94)
	at org.mb.tedd.algorithm.execution.RemoteJUnitCore.main(RemoteJUnitCore.java:127)

Loading class `com.mysql.jdbc.Driver'. This is deprecated. The new driver class is `com.mysql.cj.jdbc.Driver'. The driver is automatically registered via the SPI and manual loading of the driver class is generally unnecessary.
SLF4J: No SLF4J providers were found.
SLF4J: Defaulting to no-operation (NOP) logger implementation
SLF4J: See https://www.slf4j.org/codes.html#noProviders for further details.
SLF4J: Class path contains SLF4J bindings targeting slf4j-api versions 1.7.x or earlier.
SLF4J: Ignoring binding found at [jar:file:/home/vagrant/.m2/repository/org/slf4j/slf4j-nop/1.7.25/slf4j-nop-1.7.25.jar!/org/slf4j/impl/StaticLoggerBinder.class]
SLF4J: See https://www.slf4j.org/codes.html#ignoredBindings for an explanation.
ChromeDriver was started successfully.
2023-07-19 16:32:32,224 INFO org.mb.tedd.algorithm.execution.RemoteJUnitCore - Run 1 + 0
2023-07-19 16:32:32,226 INFO org.mb.tedd.algorithm.execution.RemoteJUnitCore - Failed 1
2023-07-19 16:32:32,226 INFO org.mb.tedd.algorithm.execution.RemoteJUnitCore - Ignored 0
2023-07-19 16:32:32,234 INFO org.mb.tedd.algorithm.execution.ResultsCollector - Test PasswordManagerSearchEntryByTagsTest failed
2023-07-19 16:32:32,234 INFO org.mb.tedd.algorithm.execution.ResultsCollector - Assertion error: java.lang.AssertionError
	at org.junit.Assert.fail(Assert.java:86)
	at org.junit.Assert.assertTrue(Assert.java:41)
	at org.junit.Assert.assertTrue(Assert.java:52)
	at tests.PasswordManagerSearchEntryByTagsTest.testPasswordManagerSearchEntryByTags(PasswordManagerSearchEntryByTagsTest.java:44)
	at java.base/jdk.internal.reflect.NativeMethodAccessorImpl.invoke0(Native Method)
	at java.base/jdk.internal.reflect.NativeMethodAccessorImpl.invoke(NativeMethodAccessorImpl.java:62)
	at java.base/jdk.internal.reflect.DelegatingMethodAccessorImpl.invoke(DelegatingMethodAccessorImpl.java:43)
	at java.base/java.lang.reflect.Method.invoke(Method.java:566)
	at org.junit.runners.model.FrameworkMethod$1.runReflectiveCall(FrameworkMethod.java:50)
	at org.junit.internal.runners.model.ReflectiveCallable.run(ReflectiveCallable.java:12)
	at org.junit.runners.model.FrameworkMethod.invokeExplosively(FrameworkMethod.java:47)
	at org.junit.internal.runners.statements.InvokeMethod.evaluate(InvokeMethod.java:17)
	at org.junit.internal.runners.statements.RunBefores.evaluate(RunBefores.java:26)
	at org.junit.internal.runners.statements.RunAfters.evaluate(RunAfters.java:27)
	at org.junit.runners.ParentRunner.runLeaf(ParentRunner.java:325)
	at org.junit.runners.BlockJUnit4ClassRunner.runChild(BlockJUnit4ClassRunner.java:78)
	at org.junit.runners.BlockJUnit4ClassRunner.runChild(BlockJUnit4ClassRunner.java:57)
	at org.junit.runners.ParentRunner$3.run(ParentRunner.java:290)
	at org.junit.runners.ParentRunner$1.schedule(ParentRunner.java:71)
	at org.junit.runners.ParentRunner.runChildren(ParentRunner.java:288)
	at org.junit.runners.ParentRunner.access$000(ParentRunner.java:58)
	at org.junit.runners.ParentRunner$2.evaluate(ParentRunner.java:268)
	at org.junit.runners.ParentRunner.run(ParentRunner.java:363)
	at org.junit.runners.Suite.runChild(Suite.java:128)
	at org.junit.runners.Suite.runChild(Suite.java:27)
	at org.junit.runners.ParentRunner$3.run(ParentRunner.java:290)
	at org.junit.runners.ParentRunner$1.schedule(ParentRunner.java:71)
	at org.junit.runners.ParentRunner.runChildren(ParentRunner.java:288)
	at org.junit.runners.ParentRunner.access$000(ParentRunner.java:58)
	at org.junit.runners.ParentRunner$2.evaluate(ParentRunner.java:268)
	at org.junit.runners.ParentRunner.run(ParentRunner.java:363)
	at org.junit.runner.JUnitCore.run(JUnitCore.java:137)
	at org.junit.runner.JUnitCore.run(JUnitCore.java:115)
	at org.junit.runner.JUnitCore.run(JUnitCore.java:105)
	at org.junit.runner.JUnitCore.run(JUnitCore.java:94)
	at org.mb.tedd.algorithm.execution.RemoteJUnitCore.main(RemoteJUnitCore.java:127)

Loading class `com.mysql.jdbc.Driver'. This is deprecated. The new driver class is `com.mysql.cj.jdbc.Driver'. The driver is automatically registered via the SPI and manual loading of the driver class is generally unnecessary.
SLF4J: No SLF4J providers were found.
SLF4J: Defaulting to no-operation (NOP) logger implementation
SLF4J: See https://www.slf4j.org/codes.html#noProviders for further details.
SLF4J: Class path contains SLF4J bindings targeting slf4j-api versions 1.7.x or earlier.
SLF4J: Ignoring binding found at [jar:file:/home/vagrant/.m2/repository/org/slf4j/slf4j-nop/1.7.25/slf4j-nop-1.7.25.jar!/org/slf4j/impl/StaticLoggerBinder.class]
SLF4J: See https://www.slf4j.org/codes.html#ignoredBindings for an explanation.
ChromeDriver was started successfully.
2023-07-19 16:32:38,467 INFO org.mb.tedd.algorithm.execution.RemoteJUnitCore - Run 1 + 0
2023-07-19 16:32:38,468 INFO org.mb.tedd.algorithm.execution.RemoteJUnitCore - Failed 1
2023-07-19 16:32:38,468 INFO org.mb.tedd.algorithm.execution.RemoteJUnitCore - Ignored 0
2023-07-19 16:32:38,477 INFO org.mb.tedd.algorithm.execution.ResultsCollector - Test PasswordManagerSearchEntryByCommentTest failed
2023-07-19 16:32:38,478 INFO org.mb.tedd.algorithm.execution.ResultsCollector - Assertion error: java.lang.AssertionError
	at org.junit.Assert.fail(Assert.java:86)
	at org.junit.Assert.assertTrue(Assert.java:41)
	at org.junit.Assert.assertTrue(Assert.java:52)
	at tests.PasswordManagerSearchEntryByCommentTest.testPasswordManagerSearchEntryByComment(PasswordManagerSearchEntryByCommentTest.java:44)
	at java.base/jdk.internal.reflect.NativeMethodAccessorImpl.invoke0(Native Method)
	at java.base/jdk.internal.reflect.NativeMethodAccessorImpl.invoke(NativeMethodAccessorImpl.java:62)
	at java.base/jdk.internal.reflect.DelegatingMethodAccessorImpl.invoke(DelegatingMethodAccessorImpl.java:43)
	at java.base/java.lang.reflect.Method.invoke(Method.java:566)
	at org.junit.runners.model.FrameworkMethod$1.runReflectiveCall(FrameworkMethod.java:50)
	at org.junit.internal.runners.model.ReflectiveCallable.run(ReflectiveCallable.java:12)
	at org.junit.runners.model.FrameworkMethod.invokeExplosively(FrameworkMethod.java:47)
	at org.junit.internal.runners.statements.InvokeMethod.evaluate(InvokeMethod.java:17)
	at org.junit.internal.runners.statements.RunBefores.evaluate(RunBefores.java:26)
	at org.junit.internal.runners.statements.RunAfters.evaluate(RunAfters.java:27)
	at org.junit.runners.ParentRunner.runLeaf(ParentRunner.java:325)
	at org.junit.runners.BlockJUnit4ClassRunner.runChild(BlockJUnit4ClassRunner.java:78)
	at org.junit.runners.BlockJUnit4ClassRunner.runChild(BlockJUnit4ClassRunner.java:57)
	at org.junit.runners.ParentRunner$3.run(ParentRunner.java:290)
	at org.junit.runners.ParentRunner$1.schedule(ParentRunner.java:71)
	at org.junit.runners.ParentRunner.runChildren(ParentRunner.java:288)
	at org.junit.runners.ParentRunner.access$000(ParentRunner.java:58)
	at org.junit.runners.ParentRunner$2.evaluate(ParentRunner.java:268)
	at org.junit.runners.ParentRunner.run(ParentRunner.java:363)
	at org.junit.runners.Suite.runChild(Suite.java:128)
	at org.junit.runners.Suite.runChild(Suite.java:27)
	at org.junit.runners.ParentRunner$3.run(ParentRunner.java:290)
	at org.junit.runners.ParentRunner$1.schedule(ParentRunner.java:71)
	at org.junit.runners.ParentRunner.runChildren(ParentRunner.java:288)
	at org.junit.runners.ParentRunner.access$000(ParentRunner.java:58)
	at org.junit.runners.ParentRunner$2.evaluate(ParentRunner.java:268)
	at org.junit.runners.ParentRunner.run(ParentRunner.java:363)
	at org.junit.runner.JUnitCore.run(JUnitCore.java:137)
	at org.junit.runner.JUnitCore.run(JUnitCore.java:115)
	at org.junit.runner.JUnitCore.run(JUnitCore.java:105)
	at org.junit.runner.JUnitCore.run(JUnitCore.java:94)
	at org.mb.tedd.algorithm.execution.RemoteJUnitCore.main(RemoteJUnitCore.java:127)

Loading class `com.mysql.jdbc.Driver'. This is deprecated. The new driver class is `com.mysql.cj.jdbc.Driver'. The driver is automatically registered via the SPI and manual loading of the driver class is generally unnecessary.
SLF4J: No SLF4J providers were found.
SLF4J: Defaulting to no-operation (NOP) logger implementation
SLF4J: See https://www.slf4j.org/codes.html#noProviders for further details.
SLF4J: Class path contains SLF4J bindings targeting slf4j-api versions 1.7.x or earlier.
SLF4J: Ignoring binding found at [jar:file:/home/vagrant/.m2/repository/org/slf4j/slf4j-nop/1.7.25/slf4j-nop-1.7.25.jar!/org/slf4j/impl/StaticLoggerBinder.class]
SLF4J: See https://www.slf4j.org/codes.html#ignoredBindings for an explanation.
ChromeDriver was started successfully.
2023-07-19 16:32:48,357 INFO org.mb.tedd.algorithm.execution.RemoteJUnitCore - Run 1 + 0
2023-07-19 16:32:48,358 INFO org.mb.tedd.algorithm.execution.RemoteJUnitCore - Failed 1
2023-07-19 16:32:48,358 INFO org.mb.tedd.algorithm.execution.RemoteJUnitCore - Ignored 0
2023-07-19 16:32:48,369 INFO org.mb.tedd.algorithm.execution.ResultsCollector - Test PasswordManagerSearchEntryByTagListTest failed
2023-07-19 16:32:48,372 INFO org.mb.tedd.algorithm.execution.ResultsCollector - Failure message: org.openqa.selenium.NoSuchElementException: no such element: Unable to locate element: {"method":"link text","selector":"Google"}
Loading class `com.mysql.jdbc.Driver'. This is deprecated. The new driver class is `com.mysql.cj.jdbc.Driver'. The driver is automatically registered via the SPI and manual loading of the driver class is generally unnecessary.
SLF4J: No SLF4J providers were found.
SLF4J: Defaulting to no-operation (NOP) logger implementation
SLF4J: See https://www.slf4j.org/codes.html#noProviders for further details.
SLF4J: Class path contains SLF4J bindings targeting slf4j-api versions 1.7.x or earlier.
SLF4J: Ignoring binding found at [jar:file:/home/vagrant/.m2/repository/org/slf4j/slf4j-nop/1.7.25/slf4j-nop-1.7.25.jar!/org/slf4j/impl/StaticLoggerBinder.class]
SLF4J: See https://www.slf4j.org/codes.html#ignoredBindings for an explanation.
ChromeDriver was started successfully.
2023-07-19 16:32:53,654 INFO org.mb.tedd.algorithm.execution.RemoteJUnitCore - Run 1 + 0
2023-07-19 16:32:53,655 INFO org.mb.tedd.algorithm.execution.RemoteJUnitCore - Failed 1
2023-07-19 16:32:53,656 INFO org.mb.tedd.algorithm.execution.RemoteJUnitCore - Ignored 0
2023-07-19 16:32:53,663 INFO org.mb.tedd.algorithm.execution.ResultsCollector - Test PasswordManagerEditEntryTest failed
2023-07-19 16:32:53,664 INFO org.mb.tedd.algorithm.execution.ResultsCollector - Failure message: org.openqa.selenium.NoSuchElementException: no such element: Unable to locate element: {"method":"css selector","selector":".update\-entry"}
Loading class `com.mysql.jdbc.Driver'. This is deprecated. The new driver class is `com.mysql.cj.jdbc.Driver'. The driver is automatically registered via the SPI and manual loading of the driver class is generally unnecessary.
SLF4J: No SLF4J providers were found.
SLF4J: Defaulting to no-operation (NOP) logger implementation
SLF4J: See https://www.slf4j.org/codes.html#noProviders for further details.
SLF4J: Class path contains SLF4J bindings targeting slf4j-api versions 1.7.x or earlier.
SLF4J: Ignoring binding found at [jar:file:/home/vagrant/.m2/repository/org/slf4j/slf4j-nop/1.7.25/slf4j-nop-1.7.25.jar!/org/slf4j/impl/StaticLoggerBinder.class]
SLF4J: See https://www.slf4j.org/codes.html#ignoredBindings for an explanation.
ChromeDriver was started successfully.
2023-07-19 16:32:59,214 INFO org.mb.tedd.algorithm.execution.RemoteJUnitCore - Run 1 + 0
2023-07-19 16:32:59,215 INFO org.mb.tedd.algorithm.execution.RemoteJUnitCore - Failed 1
2023-07-19 16:32:59,215 INFO org.mb.tedd.algorithm.execution.RemoteJUnitCore - Ignored 0
2023-07-19 16:32:59,221 INFO org.mb.tedd.algorithm.execution.ResultsCollector - Test PasswordManagerSearchTagsTest failed
2023-07-19 16:32:59,222 INFO org.mb.tedd.algorithm.execution.ResultsCollector - Assertion error: java.lang.AssertionError
	at org.junit.Assert.fail(Assert.java:86)
	at org.junit.Assert.assertTrue(Assert.java:41)
	at org.junit.Assert.assertTrue(Assert.java:52)
	at tests.PasswordManagerSearchTagsTest.testPasswordManagerSearchTags(PasswordManagerSearchTagsTest.java:37)
	at java.base/jdk.internal.reflect.NativeMethodAccessorImpl.invoke0(Native Method)
	at java.base/jdk.internal.reflect.NativeMethodAccessorImpl.invoke(NativeMethodAccessorImpl.java:62)
	at java.base/jdk.internal.reflect.DelegatingMethodAccessorImpl.invoke(DelegatingMethodAccessorImpl.java:43)
	at java.base/java.lang.reflect.Method.invoke(Method.java:566)
	at org.junit.runners.model.FrameworkMethod$1.runReflectiveCall(FrameworkMethod.java:50)
	at org.junit.internal.runners.model.ReflectiveCallable.run(ReflectiveCallable.java:12)
	at org.junit.runners.model.FrameworkMethod.invokeExplosively(FrameworkMethod.java:47)
	at org.junit.internal.runners.statements.InvokeMethod.evaluate(InvokeMethod.java:17)
	at org.junit.internal.runners.statements.RunBefores.evaluate(RunBefores.java:26)
	at org.junit.internal.runners.statements.RunAfters.evaluate(RunAfters.java:27)
	at org.junit.runners.ParentRunner.runLeaf(ParentRunner.java:325)
	at org.junit.runners.BlockJUnit4ClassRunner.runChild(BlockJUnit4ClassRunner.java:78)
	at org.junit.runners.BlockJUnit4ClassRunner.runChild(BlockJUnit4ClassRunner.java:57)
	at org.junit.runners.ParentRunner$3.run(ParentRunner.java:290)
	at org.junit.runners.ParentRunner$1.schedule(ParentRunner.java:71)
	at org.junit.runners.ParentRunner.runChildren(ParentRunner.java:288)
	at org.junit.runners.ParentRunner.access$000(ParentRunner.java:58)
	at org.junit.runners.ParentRunner$2.evaluate(ParentRunner.java:268)
	at org.junit.runners.ParentRunner.run(ParentRunner.java:363)
	at org.junit.runners.Suite.runChild(Suite.java:128)
	at org.junit.runners.Suite.runChild(Suite.java:27)
	at org.junit.runners.ParentRunner$3.run(ParentRunner.java:290)
	at org.junit.runners.ParentRunner$1.schedule(ParentRunner.java:71)
	at org.junit.runners.ParentRunner.runChildren(ParentRunner.java:288)
	at org.junit.runners.ParentRunner.access$000(ParentRunner.java:58)
	at org.junit.runners.ParentRunner$2.evaluate(ParentRunner.java:268)
	at org.junit.runners.ParentRunner.run(ParentRunner.java:363)
	at org.junit.runner.JUnitCore.run(JUnitCore.java:137)
	at org.junit.runner.JUnitCore.run(JUnitCore.java:115)
	at org.junit.runner.JUnitCore.run(JUnitCore.java:105)
	at org.junit.runner.JUnitCore.run(JUnitCore.java:94)
	at org.mb.tedd.algorithm.execution.RemoteJUnitCore.main(RemoteJUnitCore.java:127)

Loading class `com.mysql.jdbc.Driver'. This is deprecated. The new driver class is `com.mysql.cj.jdbc.Driver'. The driver is automatically registered via the SPI and manual loading of the driver class is generally unnecessary.
SLF4J: No SLF4J providers were found.
SLF4J: Defaulting to no-operation (NOP) logger implementation
SLF4J: See https://www.slf4j.org/codes.html#noProviders for further details.
SLF4J: Class path contains SLF4J bindings targeting slf4j-api versions 1.7.x or earlier.
SLF4J: Ignoring binding found at [jar:file:/home/vagrant/.m2/repository/org/slf4j/slf4j-nop/1.7.25/slf4j-nop-1.7.25.jar!/org/slf4j/impl/StaticLoggerBinder.class]
SLF4J: See https://www.slf4j.org/codes.html#ignoredBindings for an explanation.
ChromeDriver was started successfully.
2023-07-19 16:33:04,672 INFO org.mb.tedd.algorithm.execution.RemoteJUnitCore - Run 1 + 0
2023-07-19 16:33:04,673 INFO org.mb.tedd.algorithm.execution.RemoteJUnitCore - Failed 1
2023-07-19 16:33:04,673 INFO org.mb.tedd.algorithm.execution.RemoteJUnitCore - Ignored 0
2023-07-19 16:33:04,685 INFO org.mb.tedd.algorithm.execution.ResultsCollector - Test PasswordManagerRemoveTagsTest failed
2023-07-19 16:33:04,686 INFO org.mb.tedd.algorithm.execution.ResultsCollector - Failure message: org.openqa.selenium.NoSuchElementException: no such element: Unable to locate element: {"method":"xpath","selector":"html/body/div[1]/div/div/div[3]/table/tbody/tr[1]/td[3]/a[3]"}
Loading class `com.mysql.jdbc.Driver'. This is deprecated. The new driver class is `com.mysql.cj.jdbc.Driver'. The driver is automatically registered via the SPI and manual loading of the driver class is generally unnecessary.
SLF4J: No SLF4J providers were found.
SLF4J: Defaulting to no-operation (NOP) logger implementation
SLF4J: See https://www.slf4j.org/codes.html#noProviders for further details.
SLF4J: Class path contains SLF4J bindings targeting slf4j-api versions 1.7.x or earlier.
SLF4J: Ignoring binding found at [jar:file:/home/vagrant/.m2/repository/org/slf4j/slf4j-nop/1.7.25/slf4j-nop-1.7.25.jar!/org/slf4j/impl/StaticLoggerBinder.class]
SLF4J: See https://www.slf4j.org/codes.html#ignoredBindings for an explanation.
ChromeDriver was started successfully.
2023-07-19 16:33:09,977 INFO org.mb.tedd.algorithm.execution.RemoteJUnitCore - Run 1 + 0
2023-07-19 16:33:09,978 INFO org.mb.tedd.algorithm.execution.RemoteJUnitCore - Failed 0
2023-07-19 16:33:09,978 INFO org.mb.tedd.algorithm.execution.RemoteJUnitCore - Ignored 0
Loading class `com.mysql.jdbc.Driver'. This is deprecated. The new driver class is `com.mysql.cj.jdbc.Driver'. The driver is automatically registered via the SPI and manual loading of the driver class is generally unnecessary.
SLF4J: No SLF4J providers were found.
SLF4J: Defaulting to no-operation (NOP) logger implementation
SLF4J: See https://www.slf4j.org/codes.html#noProviders for further details.
SLF4J: Class path contains SLF4J bindings targeting slf4j-api versions 1.7.x or earlier.
SLF4J: Ignoring binding found at [jar:file:/home/vagrant/.m2/repository/org/slf4j/slf4j-nop/1.7.25/slf4j-nop-1.7.25.jar!/org/slf4j/impl/StaticLoggerBinder.class]
SLF4J: See https://www.slf4j.org/codes.html#ignoredBindings for an explanation.
ChromeDriver was started successfully.
2023-07-19 16:33:17,784 INFO org.mb.tedd.algorithm.execution.RemoteJUnitCore - Run 1 + 0
2023-07-19 16:33:17,785 INFO org.mb.tedd.algorithm.execution.RemoteJUnitCore - Failed 1
2023-07-19 16:33:17,785 INFO org.mb.tedd.algorithm.execution.RemoteJUnitCore - Ignored 0
2023-07-19 16:33:17,797 INFO org.mb.tedd.algorithm.execution.ResultsCollector - Test PasswordManagerRemoveEntryTest failed
2023-07-19 16:33:17,798 INFO org.mb.tedd.algorithm.execution.ResultsCollector - Failure message: org.openqa.selenium.NoSuchElementException: no such element: Unable to locate element: {"method":"xpath","selector":"html/body/div[1]/div/div/div[3]/table/tbody/tr/td[4]/a[5]"}
Loading class `com.mysql.jdbc.Driver'. This is deprecated. The new driver class is `com.mysql.cj.jdbc.Driver'. The driver is automatically registered via the SPI and manual loading of the driver class is generally unnecessary.
SLF4J: No SLF4J providers were found.
SLF4J: Defaulting to no-operation (NOP) logger implementation
SLF4J: See https://www.slf4j.org/codes.html#noProviders for further details.
SLF4J: Class path contains SLF4J bindings targeting slf4j-api versions 1.7.x or earlier.
SLF4J: Ignoring binding found at [jar:file:/home/vagrant/.m2/repository/org/slf4j/slf4j-nop/1.7.25/slf4j-nop-1.7.25.jar!/org/slf4j/impl/StaticLoggerBinder.class]
SLF4J: See https://www.slf4j.org/codes.html#ignoredBindings for an explanation.
ChromeDriver was started successfully.
2023-07-19 16:33:27,475 INFO org.mb.tedd.algorithm.execution.RemoteJUnitCore - Run 1 + 0
2023-07-19 16:33:27,476 INFO org.mb.tedd.algorithm.execution.RemoteJUnitCore - Failed 0
2023-07-19 16:33:27,477 INFO org.mb.tedd.algorithm.execution.RemoteJUnitCore - Ignored 0
Loading class `com.mysql.jdbc.Driver'. This is deprecated. The new driver class is `com.mysql.cj.jdbc.Driver'. The driver is automatically registered via the SPI and manual loading of the driver class is generally unnecessary.
SLF4J: No SLF4J providers were found.
SLF4J: Defaulting to no-operation (NOP) logger implementation
SLF4J: See https://www.slf4j.org/codes.html#noProviders for further details.
SLF4J: Class path contains SLF4J bindings targeting slf4j-api versions 1.7.x or earlier.
SLF4J: Ignoring binding found at [jar:file:/home/vagrant/.m2/repository/org/slf4j/slf4j-nop/1.7.25/slf4j-nop-1.7.25.jar!/org/slf4j/impl/StaticLoggerBinder.class]
SLF4J: See https://www.slf4j.org/codes.html#ignoredBindings for an explanation.
ChromeDriver was started successfully.
2023-07-19 16:33:33,216 INFO org.mb.tedd.algorithm.execution.RemoteJUnitCore - Run 1 + 0
2023-07-19 16:33:33,217 INFO org.mb.tedd.algorithm.execution.RemoteJUnitCore - Failed 0
2023-07-19 16:33:33,218 INFO org.mb.tedd.algorithm.execution.RemoteJUnitCore - Ignored 0
Loading class `com.mysql.jdbc.Driver'. This is deprecated. The new driver class is `com.mysql.cj.jdbc.Driver'. The driver is automatically registered via the SPI and manual loading of the driver class is generally unnecessary.
SLF4J: No SLF4J providers were found.
SLF4J: Defaulting to no-operation (NOP) logger implementation
SLF4J: See https://www.slf4j.org/codes.html#noProviders for further details.
SLF4J: Class path contains SLF4J bindings targeting slf4j-api versions 1.7.x or earlier.
SLF4J: Ignoring binding found at [jar:file:/home/vagrant/.m2/repository/org/slf4j/slf4j-nop/1.7.25/slf4j-nop-1.7.25.jar!/org/slf4j/impl/StaticLoggerBinder.class]
SLF4J: See https://www.slf4j.org/codes.html#ignoredBindings for an explanation.
ChromeDriver was started successfully.
2023-07-19 16:33:38,704 INFO org.mb.tedd.algorithm.execution.RemoteJUnitCore - Run 1 + 0
2023-07-19 16:33:38,705 INFO org.mb.tedd.algorithm.execution.RemoteJUnitCore - Failed 0
2023-07-19 16:33:38,705 INFO org.mb.tedd.algorithm.execution.RemoteJUnitCore - Ignored 0
Loading class `com.mysql.jdbc.Driver'. This is deprecated. The new driver class is `com.mysql.cj.jdbc.Driver'. The driver is automatically registered via the SPI and manual loading of the driver class is generally unnecessary.
SLF4J: No SLF4J providers were found.
SLF4J: Defaulting to no-operation (NOP) logger implementation
SLF4J: See https://www.slf4j.org/codes.html#noProviders for further details.
SLF4J: Class path contains SLF4J bindings targeting slf4j-api versions 1.7.x or earlier.
SLF4J: Ignoring binding found at [jar:file:/home/vagrant/.m2/repository/org/slf4j/slf4j-nop/1.7.25/slf4j-nop-1.7.25.jar!/org/slf4j/impl/StaticLoggerBinder.class]
SLF4J: See https://www.slf4j.org/codes.html#ignoredBindings for an explanation.
ChromeDriver was started successfully.
2023-07-19 16:33:43,525 INFO org.mb.tedd.algorithm.execution.RemoteJUnitCore - Run 1 + 0
2023-07-19 16:33:43,526 INFO org.mb.tedd.algorithm.execution.RemoteJUnitCore - Failed 1
2023-07-19 16:33:43,526 INFO org.mb.tedd.algorithm.execution.RemoteJUnitCore - Ignored 0
2023-07-19 16:33:43,534 INFO org.mb.tedd.algorithm.execution.ResultsCollector - Test PasswordManagerEditTagTest failed
2023-07-19 16:33:43,537 INFO org.mb.tedd.algorithm.execution.ResultsCollector - Failure message: org.openqa.selenium.NoSuchElementException: no such element: Unable to locate element: {"method":"xpath","selector":"html/body/div[1]/div/div/div[3]/table/tbody/tr/td[3]/a[2]"}
Loading class `com.mysql.jdbc.Driver'. This is deprecated. The new driver class is `com.mysql.cj.jdbc.Driver'. The driver is automatically registered via the SPI and manual loading of the driver class is generally unnecessary.
SLF4J: No SLF4J providers were found.
SLF4J: Defaulting to no-operation (NOP) logger implementation
SLF4J: See https://www.slf4j.org/codes.html#noProviders for further details.
SLF4J: Class path contains SLF4J bindings targeting slf4j-api versions 1.7.x or earlier.
SLF4J: Ignoring binding found at [jar:file:/home/vagrant/.m2/repository/org/slf4j/slf4j-nop/1.7.25/slf4j-nop-1.7.25.jar!/org/slf4j/impl/StaticLoggerBinder.class]
SLF4J: See https://www.slf4j.org/codes.html#ignoredBindings for an explanation.
ChromeDriver was started successfully.
2023-07-19 16:33:51,832 INFO org.mb.tedd.algorithm.execution.RemoteJUnitCore - Run 1 + 0
2023-07-19 16:33:51,833 INFO org.mb.tedd.algorithm.execution.RemoteJUnitCore - Failed 1
2023-07-19 16:33:51,833 INFO org.mb.tedd.algorithm.execution.RemoteJUnitCore - Ignored 0
2023-07-19 16:33:51,839 INFO org.mb.tedd.algorithm.execution.ResultsCollector - Test PasswordManagerRemoveTagTest failed
2023-07-19 16:33:51,840 INFO org.mb.tedd.algorithm.execution.ResultsCollector - Failure message: org.openqa.selenium.NoSuchElementException: no such element: Unable to locate element: {"method":"xpath","selector":"html/body/div[1]/div/div/div[3]/table/tbody/tr/td[3]/a[3]"}
Loading class `com.mysql.jdbc.Driver'. This is deprecated. The new driver class is `com.mysql.cj.jdbc.Driver'. The driver is automatically registered via the SPI and manual loading of the driver class is generally unnecessary.
SLF4J: No SLF4J providers were found.
SLF4J: Defaulting to no-operation (NOP) logger implementation
SLF4J: See https://www.slf4j.org/codes.html#noProviders for further details.
SLF4J: Class path contains SLF4J bindings targeting slf4j-api versions 1.7.x or earlier.
SLF4J: Ignoring binding found at [jar:file:/home/vagrant/.m2/repository/org/slf4j/slf4j-nop/1.7.25/slf4j-nop-1.7.25.jar!/org/slf4j/impl/StaticLoggerBinder.class]
SLF4J: See https://www.slf4j.org/codes.html#ignoredBindings for an explanation.
ChromeDriver was started successfully.
2023-07-19 16:33:59,867 INFO org.mb.tedd.algorithm.execution.RemoteJUnitCore - Run 1 + 0
2023-07-19 16:33:59,867 INFO org.mb.tedd.algorithm.execution.RemoteJUnitCore - Failed 0
2023-07-19 16:33:59,868 INFO org.mb.tedd.algorithm.execution.RemoteJUnitCore - Ignored 0
Loading class `com.mysql.jdbc.Driver'. This is deprecated. The new driver class is `com.mysql.cj.jdbc.Driver'. The driver is automatically registered via the SPI and manual loading of the driver class is generally unnecessary.
SLF4J: No SLF4J providers were found.
SLF4J: Defaulting to no-operation (NOP) logger implementation
SLF4J: See https://www.slf4j.org/codes.html#noProviders for further details.
SLF4J: Class path contains SLF4J bindings targeting slf4j-api versions 1.7.x or earlier.
SLF4J: Ignoring binding found at [jar:file:/home/vagrant/.m2/repository/org/slf4j/slf4j-nop/1.7.25/slf4j-nop-1.7.25.jar!/org/slf4j/impl/StaticLoggerBinder.class]
SLF4J: See https://www.slf4j.org/codes.html#ignoredBindings for an explanation.
ChromeDriver was started successfully.
2023-07-19 16:34:07,151 INFO org.mb.tedd.algorithm.execution.RemoteJUnitCore - Run 1 + 0
2023-07-19 16:34:07,153 INFO org.mb.tedd.algorithm.execution.RemoteJUnitCore - Failed 0
2023-07-19 16:34:07,153 INFO org.mb.tedd.algorithm.execution.RemoteJUnitCore - Ignored 0
Loading class `com.mysql.jdbc.Driver'. This is deprecated. The new driver class is `com.mysql.cj.jdbc.Driver'. The driver is automatically registered via the SPI and manual loading of the driver class is generally unnecessary.
SLF4J: No SLF4J providers were found.
SLF4J: Defaulting to no-operation (NOP) logger implementation
SLF4J: See https://www.slf4j.org/codes.html#noProviders for further details.
SLF4J: Class path contains SLF4J bindings targeting slf4j-api versions 1.7.x or earlier.
SLF4J: Ignoring binding found at [jar:file:/home/vagrant/.m2/repository/org/slf4j/slf4j-nop/1.7.25/slf4j-nop-1.7.25.jar!/org/slf4j/impl/StaticLoggerBinder.class]
SLF4J: See https://www.slf4j.org/codes.html#ignoredBindings for an explanation.
ChromeDriver was started successfully.
2023-07-19 16:34:17,384 INFO org.mb.tedd.algorithm.execution.RemoteJUnitCore - Run 1 + 0
2023-07-19 16:34:17,385 INFO org.mb.tedd.algorithm.execution.RemoteJUnitCore - Failed 1
2023-07-19 16:34:17,385 INFO org.mb.tedd.algorithm.execution.RemoteJUnitCore - Ignored 0
2023-07-19 16:34:17,391 INFO org.mb.tedd.algorithm.execution.ResultsCollector - Test PasswordManagerSearchMultipleEntriesTest failed
2023-07-19 16:34:17,392 INFO org.mb.tedd.algorithm.execution.ResultsCollector - Failure message: org.openqa.selenium.NoSuchElementException: no such element: Unable to locate element: {"method":"css selector","selector":".summary"}
Loading class `com.mysql.jdbc.Driver'. This is deprecated. The new driver class is `com.mysql.cj.jdbc.Driver'. The driver is automatically registered via the SPI and manual loading of the driver class is generally unnecessary.
SLF4J: No SLF4J providers were found.
SLF4J: Defaulting to no-operation (NOP) logger implementation
SLF4J: See https://www.slf4j.org/codes.html#noProviders for further details.
SLF4J: Class path contains SLF4J bindings targeting slf4j-api versions 1.7.x or earlier.
SLF4J: Ignoring binding found at [jar:file:/home/vagrant/.m2/repository/org/slf4j/slf4j-nop/1.7.25/slf4j-nop-1.7.25.jar!/org/slf4j/impl/StaticLoggerBinder.class]
SLF4J: See https://www.slf4j.org/codes.html#ignoredBindings for an explanation.
ChromeDriver was started successfully.
2023-07-19 16:34:22,059 INFO org.mb.tedd.algorithm.execution.RemoteJUnitCore - Run 1 + 0
2023-07-19 16:34:22,060 INFO org.mb.tedd.algorithm.execution.RemoteJUnitCore - Failed 1
2023-07-19 16:34:22,061 INFO org.mb.tedd.algorithm.execution.RemoteJUnitCore - Ignored 0
2023-07-19 16:34:22,076 INFO org.mb.tedd.algorithm.execution.ResultsCollector - Test PasswordManagerCheckUsedTagsTest failed
2023-07-19 16:34:22,085 INFO org.mb.tedd.algorithm.execution.ResultsCollector - Failure message: org.openqa.selenium.NoSuchElementException: no such element: Unable to locate element: {"method":"xpath","selector":"html/body/div[1]/div/div/div[3]/table/tbody/tr[1]/td[4]/a[4]"}
Loading class `com.mysql.jdbc.Driver'. This is deprecated. The new driver class is `com.mysql.cj.jdbc.Driver'. The driver is automatically registered via the SPI and manual loading of the driver class is generally unnecessary.
SLF4J: No SLF4J providers were found.
SLF4J: Defaulting to no-operation (NOP) logger implementation
SLF4J: See https://www.slf4j.org/codes.html#noProviders for further details.
SLF4J: Class path contains SLF4J bindings targeting slf4j-api versions 1.7.x or earlier.
SLF4J: Ignoring binding found at [jar:file:/home/vagrant/.m2/repository/org/slf4j/slf4j-nop/1.7.25/slf4j-nop-1.7.25.jar!/org/slf4j/impl/StaticLoggerBinder.class]
SLF4J: See https://www.slf4j.org/codes.html#ignoredBindings for an explanation.
ChromeDriver was started successfully.
2023-07-19 16:34:27,241 INFO org.mb.tedd.algorithm.execution.RemoteJUnitCore - Run 1 + 0
2023-07-19 16:34:27,242 INFO org.mb.tedd.algorithm.execution.RemoteJUnitCore - Failed 1
2023-07-19 16:34:27,242 INFO org.mb.tedd.algorithm.execution.RemoteJUnitCore - Ignored 0
2023-07-19 16:34:27,254 INFO org.mb.tedd.algorithm.execution.ResultsCollector - Test PasswordManagerSearchAndRemoveMultipleTagsTest failed
2023-07-19 16:34:27,255 INFO org.mb.tedd.algorithm.execution.ResultsCollector - Failure message: org.openqa.selenium.NoSuchElementException: no such element: Unable to locate element: {"method":"xpath","selector":"html/body/div[1]/div/div/div[3]/table/tbody/tr/td[3]/a[3]"}
Loading class `com.mysql.jdbc.Driver'. This is deprecated. The new driver class is `com.mysql.cj.jdbc.Driver'. The driver is automatically registered via the SPI and manual loading of the driver class is generally unnecessary.
SLF4J: No SLF4J providers were found.
SLF4J: Defaulting to no-operation (NOP) logger implementation
SLF4J: See https://www.slf4j.org/codes.html#noProviders for further details.
SLF4J: Class path contains SLF4J bindings targeting slf4j-api versions 1.7.x or earlier.
SLF4J: Ignoring binding found at [jar:file:/home/vagrant/.m2/repository/org/slf4j/slf4j-nop/1.7.25/slf4j-nop-1.7.25.jar!/org/slf4j/impl/StaticLoggerBinder.class]
SLF4J: See https://www.slf4j.org/codes.html#ignoredBindings for an explanation.
ChromeDriver was started successfully.
2023-07-19 16:34:32,029 INFO org.mb.tedd.algorithm.execution.RemoteJUnitCore - Run 1 + 0
2023-07-19 16:34:32,030 INFO org.mb.tedd.algorithm.execution.RemoteJUnitCore - Failed 1
2023-07-19 16:34:32,030 INFO org.mb.tedd.algorithm.execution.RemoteJUnitCore - Ignored 0
2023-07-19 16:34:32,038 INFO org.mb.tedd.algorithm.execution.ResultsCollector - Test PasswordManagerRemoveMultipleEntriesTest failed
2023-07-19 16:34:32,039 INFO org.mb.tedd.algorithm.execution.ResultsCollector - Failure message: org.openqa.selenium.NoSuchElementException: no such element: Unable to locate element: {"method":"xpath","selector":"html/body/div[1]/div/div/div[3]/table/tbody/tr[1]/td[4]/a[5]"}
Loading class `com.mysql.jdbc.Driver'. This is deprecated. The new driver class is `com.mysql.cj.jdbc.Driver'. The driver is automatically registered via the SPI and manual loading of the driver class is generally unnecessary.
SLF4J: No SLF4J providers were found.
SLF4J: Defaulting to no-operation (NOP) logger implementation
SLF4J: See https://www.slf4j.org/codes.html#noProviders for further details.
SLF4J: Class path contains SLF4J bindings targeting slf4j-api versions 1.7.x or earlier.
SLF4J: Ignoring binding found at [jar:file:/home/vagrant/.m2/repository/org/slf4j/slf4j-nop/1.7.25/slf4j-nop-1.7.25.jar!/org/slf4j/impl/StaticLoggerBinder.class]
SLF4J: See https://www.slf4j.org/codes.html#ignoredBindings for an explanation.
ChromeDriver was started successfully.
ChromeDriver was started successfully.
2023-07-19 16:34:41,991 INFO org.mb.tedd.algorithm.execution.RemoteJUnitCore - Run 2 + 0
2023-07-19 16:34:41,992 INFO org.mb.tedd.algorithm.execution.RemoteJUnitCore - Failed 0
2023-07-19 16:34:41,992 INFO org.mb.tedd.algorithm.execution.RemoteJUnitCore - Ignored 0
Loading class `com.mysql.jdbc.Driver'. This is deprecated. The new driver class is `com.mysql.cj.jdbc.Driver'. The driver is automatically registered via the SPI and manual loading of the driver class is generally unnecessary.
SLF4J: No SLF4J providers were found.
SLF4J: Defaulting to no-operation (NOP) logger implementation
SLF4J: See https://www.slf4j.org/codes.html#noProviders for further details.
SLF4J: Class path contains SLF4J bindings targeting slf4j-api versions 1.7.x or earlier.
SLF4J: Ignoring binding found at [jar:file:/home/vagrant/.m2/repository/org/slf4j/slf4j-nop/1.7.25/slf4j-nop-1.7.25.jar!/org/slf4j/impl/StaticLoggerBinder.class]
SLF4J: See https://www.slf4j.org/codes.html#ignoredBindings for an explanation.
ChromeDriver was started successfully.
ChromeDriver was started successfully.
2023-07-19 16:34:50,881 INFO org.mb.tedd.algorithm.execution.RemoteJUnitCore - Run 2 + 0
2023-07-19 16:34:50,882 INFO org.mb.tedd.algorithm.execution.RemoteJUnitCore - Failed 0
2023-07-19 16:34:50,883 INFO org.mb.tedd.algorithm.execution.RemoteJUnitCore - Ignored 0
Loading class `com.mysql.jdbc.Driver'. This is deprecated. The new driver class is `com.mysql.cj.jdbc.Driver'. The driver is automatically registered via the SPI and manual loading of the driver class is generally unnecessary.
SLF4J: No SLF4J providers were found.
SLF4J: Defaulting to no-operation (NOP) logger implementation
SLF4J: See https://www.slf4j.org/codes.html#noProviders for further details.
SLF4J: Class path contains SLF4J bindings targeting slf4j-api versions 1.7.x or earlier.
SLF4J: Ignoring binding found at [jar:file:/home/vagrant/.m2/repository/org/slf4j/slf4j-nop/1.7.25/slf4j-nop-1.7.25.jar!/org/slf4j/impl/StaticLoggerBinder.class]
SLF4J: See https://www.slf4j.org/codes.html#ignoredBindings for an explanation.
ChromeDriver was started successfully.
ChromeDriver was started successfully.
2023-07-19 16:35:00,358 INFO org.mb.tedd.algorithm.execution.RemoteJUnitCore - Run 2 + 0
2023-07-19 16:35:00,359 INFO org.mb.tedd.algorithm.execution.RemoteJUnitCore - Failed 1
2023-07-19 16:35:00,360 INFO org.mb.tedd.algorithm.execution.RemoteJUnitCore - Ignored 0
2023-07-19 16:35:00,367 INFO org.mb.tedd.algorithm.execution.ResultsCollector - Test PasswordManagerSearchAndRemoveMultipleTagsTest failed
2023-07-19 16:35:00,367 INFO org.mb.tedd.algorithm.execution.ResultsCollector - Failure message: org.openqa.selenium.NoSuchElementException: no such element: Unable to locate element: {"method":"xpath","selector":"html/body/div[1]/div/div/div[3]/table/tbody/tr/td[3]/a[3]"}
Loading class `com.mysql.jdbc.Driver'. This is deprecated. The new driver class is `com.mysql.cj.jdbc.Driver'. The driver is automatically registered via the SPI and manual loading of the driver class is generally unnecessary.
SLF4J: No SLF4J providers were found.
SLF4J: Defaulting to no-operation (NOP) logger implementation
SLF4J: See https://www.slf4j.org/codes.html#noProviders for further details.
SLF4J: Class path contains SLF4J bindings targeting slf4j-api versions 1.7.x or earlier.
SLF4J: Ignoring binding found at [jar:file:/home/vagrant/.m2/repository/org/slf4j/slf4j-nop/1.7.25/slf4j-nop-1.7.25.jar!/org/slf4j/impl/StaticLoggerBinder.class]
SLF4J: See https://www.slf4j.org/codes.html#ignoredBindings for an explanation.
ChromeDriver was started successfully.
ChromeDriver was started successfully.
2023-07-19 16:35:07,077 INFO org.mb.tedd.algorithm.execution.RemoteJUnitCore - Run 2 + 0
2023-07-19 16:35:07,077 INFO org.mb.tedd.algorithm.execution.RemoteJUnitCore - Failed 1
2023-07-19 16:35:07,078 INFO org.mb.tedd.algorithm.execution.RemoteJUnitCore - Ignored 0
2023-07-19 16:35:07,085 INFO org.mb.tedd.algorithm.execution.ResultsCollector - Test PasswordManagerSearchAndRemoveMultipleTagsTest failed
2023-07-19 16:35:07,086 INFO org.mb.tedd.algorithm.execution.ResultsCollector - Failure message: org.openqa.selenium.NoSuchElementException: no such element: Unable to locate element: {"method":"xpath","selector":"html/body/div[1]/div/div/div[3]/table/tbody/tr/td[3]/a[3]"}
Loading class `com.mysql.jdbc.Driver'. This is deprecated. The new driver class is `com.mysql.cj.jdbc.Driver'. The driver is automatically registered via the SPI and manual loading of the driver class is generally unnecessary.
SLF4J: No SLF4J providers were found.
SLF4J: Defaulting to no-operation (NOP) logger implementation
SLF4J: See https://www.slf4j.org/codes.html#noProviders for further details.
SLF4J: Class path contains SLF4J bindings targeting slf4j-api versions 1.7.x or earlier.
SLF4J: Ignoring binding found at [jar:file:/home/vagrant/.m2/repository/org/slf4j/slf4j-nop/1.7.25/slf4j-nop-1.7.25.jar!/org/slf4j/impl/StaticLoggerBinder.class]
SLF4J: See https://www.slf4j.org/codes.html#ignoredBindings for an explanation.
ChromeDriver was started successfully.
ChromeDriver was started successfully.
2023-07-19 16:35:18,223 INFO org.mb.tedd.algorithm.execution.RemoteJUnitCore - Run 2 + 0
2023-07-19 16:35:18,224 INFO org.mb.tedd.algorithm.execution.RemoteJUnitCore - Failed 1
2023-07-19 16:35:18,224 INFO org.mb.tedd.algorithm.execution.RemoteJUnitCore - Ignored 0
2023-07-19 16:35:18,233 INFO org.mb.tedd.algorithm.execution.ResultsCollector - Test PasswordManagerSearchAndRemoveMultipleTagsTest failed
2023-07-19 16:35:18,234 INFO org.mb.tedd.algorithm.execution.ResultsCollector - Failure message: org.openqa.selenium.NoSuchElementException: no such element: Unable to locate element: {"method":"xpath","selector":"html/body/div[1]/div/div/div[3]/table/tbody/tr/td[3]/a[3]"}
Loading class `com.mysql.jdbc.Driver'. This is deprecated. The new driver class is `com.mysql.cj.jdbc.Driver'. The driver is automatically registered via the SPI and manual loading of the driver class is generally unnecessary.
SLF4J: No SLF4J providers were found.
SLF4J: Defaulting to no-operation (NOP) logger implementation
SLF4J: See https://www.slf4j.org/codes.html#noProviders for further details.
SLF4J: Class path contains SLF4J bindings targeting slf4j-api versions 1.7.x or earlier.
SLF4J: Ignoring binding found at [jar:file:/home/vagrant/.m2/repository/org/slf4j/slf4j-nop/1.7.25/slf4j-nop-1.7.25.jar!/org/slf4j/impl/StaticLoggerBinder.class]
SLF4J: See https://www.slf4j.org/codes.html#ignoredBindings for an explanation.
ChromeDriver was started successfully.
ChromeDriver was started successfully.
2023-07-19 16:35:26,344 INFO org.mb.tedd.algorithm.execution.RemoteJUnitCore - Run 2 + 0
2023-07-19 16:35:26,345 INFO org.mb.tedd.algorithm.execution.RemoteJUnitCore - Failed 1
2023-07-19 16:35:26,345 INFO org.mb.tedd.algorithm.execution.RemoteJUnitCore - Ignored 0
2023-07-19 16:35:26,353 INFO org.mb.tedd.algorithm.execution.ResultsCollector - Test PasswordManagerSearchAndRemoveMultipleTagsTest failed
2023-07-19 16:35:26,354 INFO org.mb.tedd.algorithm.execution.ResultsCollector - Failure message: org.openqa.selenium.NoSuchElementException: no such element: Unable to locate element: {"method":"xpath","selector":"html/body/div[1]/div/div/div[3]/table/tbody/tr/td[3]/a[3]"}
Loading class `com.mysql.jdbc.Driver'. This is deprecated. The new driver class is `com.mysql.cj.jdbc.Driver'. The driver is automatically registered via the SPI and manual loading of the driver class is generally unnecessary.
SLF4J: No SLF4J providers were found.
SLF4J: Defaulting to no-operation (NOP) logger implementation
SLF4J: See https://www.slf4j.org/codes.html#noProviders for further details.
SLF4J: Class path contains SLF4J bindings targeting slf4j-api versions 1.7.x or earlier.
SLF4J: Ignoring binding found at [jar:file:/home/vagrant/.m2/repository/org/slf4j/slf4j-nop/1.7.25/slf4j-nop-1.7.25.jar!/org/slf4j/impl/StaticLoggerBinder.class]
SLF4J: See https://www.slf4j.org/codes.html#ignoredBindings for an explanation.
ChromeDriver was started successfully.
ChromeDriver was started successfully.
2023-07-19 16:35:33,511 INFO org.mb.tedd.algorithm.execution.RemoteJUnitCore - Run 2 + 0
2023-07-19 16:35:33,512 INFO org.mb.tedd.algorithm.execution.RemoteJUnitCore - Failed 1
2023-07-19 16:35:33,512 INFO org.mb.tedd.algorithm.execution.RemoteJUnitCore - Ignored 0
2023-07-19 16:35:33,519 INFO org.mb.tedd.algorithm.execution.ResultsCollector - Test PasswordManagerSearchAndRemoveMultipleTagsTest failed
2023-07-19 16:35:33,520 INFO org.mb.tedd.algorithm.execution.ResultsCollector - Failure message: org.openqa.selenium.NoSuchElementException: no such element: Unable to locate element: {"method":"xpath","selector":"html/body/div[1]/div/div/div[3]/table/tbody/tr/td[3]/a[3]"}
Loading class `com.mysql.jdbc.Driver'. This is deprecated. The new driver class is `com.mysql.cj.jdbc.Driver'. The driver is automatically registered via the SPI and manual loading of the driver class is generally unnecessary.
SLF4J: No SLF4J providers were found.
SLF4J: Defaulting to no-operation (NOP) logger implementation
SLF4J: See https://www.slf4j.org/codes.html#noProviders for further details.
SLF4J: Class path contains SLF4J bindings targeting slf4j-api versions 1.7.x or earlier.
SLF4J: Ignoring binding found at [jar:file:/home/vagrant/.m2/repository/org/slf4j/slf4j-nop/1.7.25/slf4j-nop-1.7.25.jar!/org/slf4j/impl/StaticLoggerBinder.class]
SLF4J: See https://www.slf4j.org/codes.html#ignoredBindings for an explanation.
ChromeDriver was started successfully.
ChromeDriver was started successfully.
2023-07-19 16:35:43,842 INFO org.mb.tedd.algorithm.execution.RemoteJUnitCore - Run 2 + 0
2023-07-19 16:35:43,843 INFO org.mb.tedd.algorithm.execution.RemoteJUnitCore - Failed 1
2023-07-19 16:35:43,845 INFO org.mb.tedd.algorithm.execution.RemoteJUnitCore - Ignored 0
2023-07-19 16:35:43,850 INFO org.mb.tedd.algorithm.execution.ResultsCollector - Test PasswordManagerSearchAndRemoveMultipleTagsTest failed
2023-07-19 16:35:43,851 INFO org.mb.tedd.algorithm.execution.ResultsCollector - Failure message: org.openqa.selenium.NoSuchElementException: no such element: Unable to locate element: {"method":"xpath","selector":"html/body/div[1]/div/div/div[3]/table/tbody/tr/td[3]/a[3]"}
Loading class `com.mysql.jdbc.Driver'. This is deprecated. The new driver class is `com.mysql.cj.jdbc.Driver'. The driver is automatically registered via the SPI and manual loading of the driver class is generally unnecessary.
SLF4J: No SLF4J providers were found.
SLF4J: Defaulting to no-operation (NOP) logger implementation
SLF4J: See https://www.slf4j.org/codes.html#noProviders for further details.
SLF4J: Class path contains SLF4J bindings targeting slf4j-api versions 1.7.x or earlier.
SLF4J: Ignoring binding found at [jar:file:/home/vagrant/.m2/repository/org/slf4j/slf4j-nop/1.7.25/slf4j-nop-1.7.25.jar!/org/slf4j/impl/StaticLoggerBinder.class]
SLF4J: See https://www.slf4j.org/codes.html#ignoredBindings for an explanation.
ChromeDriver was started successfully.
ChromeDriver was started successfully.
2023-07-19 16:35:54,640 INFO org.mb.tedd.algorithm.execution.RemoteJUnitCore - Run 2 + 0
2023-07-19 16:35:54,641 INFO org.mb.tedd.algorithm.execution.RemoteJUnitCore - Failed 1
2023-07-19 16:35:54,641 INFO org.mb.tedd.algorithm.execution.RemoteJUnitCore - Ignored 0
2023-07-19 16:35:54,647 INFO org.mb.tedd.algorithm.execution.ResultsCollector - Test PasswordManagerSearchAndRemoveMultipleTagsTest failed
2023-07-19 16:35:54,647 INFO org.mb.tedd.algorithm.execution.ResultsCollector - Failure message: org.openqa.selenium.NoSuchElementException: no such element: Unable to locate element: {"method":"xpath","selector":"html/body/div[1]/div/div/div[3]/table/tbody/tr/td[3]/a[3]"}
Loading class `com.mysql.jdbc.Driver'. This is deprecated. The new driver class is `com.mysql.cj.jdbc.Driver'. The driver is automatically registered via the SPI and manual loading of the driver class is generally unnecessary.
SLF4J: No SLF4J providers were found.
SLF4J: Defaulting to no-operation (NOP) logger implementation
SLF4J: See https://www.slf4j.org/codes.html#noProviders for further details.
SLF4J: Class path contains SLF4J bindings targeting slf4j-api versions 1.7.x or earlier.
SLF4J: Ignoring binding found at [jar:file:/home/vagrant/.m2/repository/org/slf4j/slf4j-nop/1.7.25/slf4j-nop-1.7.25.jar!/org/slf4j/impl/StaticLoggerBinder.class]
SLF4J: See https://www.slf4j.org/codes.html#ignoredBindings for an explanation.
ChromeDriver was started successfully.
ChromeDriver was started successfully.
ChromeDriver was started successfully.
2023-07-19 16:36:10,598 INFO org.mb.tedd.algorithm.execution.RemoteJUnitCore - Run 3 + 0
2023-07-19 16:36:10,598 INFO org.mb.tedd.algorithm.execution.RemoteJUnitCore - Failed 0
2023-07-19 16:36:10,599 INFO org.mb.tedd.algorithm.execution.RemoteJUnitCore - Ignored 0
Loading class `com.mysql.jdbc.Driver'. This is deprecated. The new driver class is `com.mysql.cj.jdbc.Driver'. The driver is automatically registered via the SPI and manual loading of the driver class is generally unnecessary.
SLF4J: No SLF4J providers were found.
SLF4J: Defaulting to no-operation (NOP) logger implementation
SLF4J: See https://www.slf4j.org/codes.html#noProviders for further details.
SLF4J: Class path contains SLF4J bindings targeting slf4j-api versions 1.7.x or earlier.
SLF4J: Ignoring binding found at [jar:file:/home/vagrant/.m2/repository/org/slf4j/slf4j-nop/1.7.25/slf4j-nop-1.7.25.jar!/org/slf4j/impl/StaticLoggerBinder.class]
SLF4J: See https://www.slf4j.org/codes.html#ignoredBindings for an explanation.
ChromeDriver was started successfully.
ChromeDriver was started successfully.
2023-07-19 16:36:19,567 INFO org.mb.tedd.algorithm.execution.RemoteJUnitCore - Run 2 + 0
2023-07-19 16:36:19,568 INFO org.mb.tedd.algorithm.execution.RemoteJUnitCore - Failed 0
2023-07-19 16:36:19,569 INFO org.mb.tedd.algorithm.execution.RemoteJUnitCore - Ignored 0
Loading class `com.mysql.jdbc.Driver'. This is deprecated. The new driver class is `com.mysql.cj.jdbc.Driver'. The driver is automatically registered via the SPI and manual loading of the driver class is generally unnecessary.
SLF4J: No SLF4J providers were found.
SLF4J: Defaulting to no-operation (NOP) logger implementation
SLF4J: See https://www.slf4j.org/codes.html#noProviders for further details.
SLF4J: Class path contains SLF4J bindings targeting slf4j-api versions 1.7.x or earlier.
SLF4J: Ignoring binding found at [jar:file:/home/vagrant/.m2/repository/org/slf4j/slf4j-nop/1.7.25/slf4j-nop-1.7.25.jar!/org/slf4j/impl/StaticLoggerBinder.class]
SLF4J: See https://www.slf4j.org/codes.html#ignoredBindings for an explanation.
ChromeDriver was started successfully.
ChromeDriver was started successfully.
2023-07-19 16:36:29,394 INFO org.mb.tedd.algorithm.execution.RemoteJUnitCore - Run 2 + 0
2023-07-19 16:36:29,395 INFO org.mb.tedd.algorithm.execution.RemoteJUnitCore - Failed 1
2023-07-19 16:36:29,395 INFO org.mb.tedd.algorithm.execution.RemoteJUnitCore - Ignored 0
2023-07-19 16:36:29,402 INFO org.mb.tedd.algorithm.execution.ResultsCollector - Test PasswordManagerCheckUsedTagsTest failed
2023-07-19 16:36:29,402 INFO org.mb.tedd.algorithm.execution.ResultsCollector - Failure message: org.openqa.selenium.NoSuchElementException: no such element: Unable to locate element: {"method":"xpath","selector":"html/body/div[1]/div/div/div[3]/table/tbody/tr[2]/td[4]/a[4]"}
Loading class `com.mysql.jdbc.Driver'. This is deprecated. The new driver class is `com.mysql.cj.jdbc.Driver'. The driver is automatically registered via the SPI and manual loading of the driver class is generally unnecessary.
SLF4J: No SLF4J providers were found.
SLF4J: Defaulting to no-operation (NOP) logger implementation
SLF4J: See https://www.slf4j.org/codes.html#noProviders for further details.
SLF4J: Class path contains SLF4J bindings targeting slf4j-api versions 1.7.x or earlier.
SLF4J: Ignoring binding found at [jar:file:/home/vagrant/.m2/repository/org/slf4j/slf4j-nop/1.7.25/slf4j-nop-1.7.25.jar!/org/slf4j/impl/StaticLoggerBinder.class]
SLF4J: See https://www.slf4j.org/codes.html#ignoredBindings for an explanation.
ChromeDriver was started successfully.
ChromeDriver was started successfully.
2023-07-19 16:36:36,357 INFO org.mb.tedd.algorithm.execution.RemoteJUnitCore - Run 2 + 0
2023-07-19 16:36:36,358 INFO org.mb.tedd.algorithm.execution.RemoteJUnitCore - Failed 1
2023-07-19 16:36:36,358 INFO org.mb.tedd.algorithm.execution.RemoteJUnitCore - Ignored 0
2023-07-19 16:36:36,365 INFO org.mb.tedd.algorithm.execution.ResultsCollector - Test PasswordManagerCheckUsedTagsTest failed
2023-07-19 16:36:36,366 INFO org.mb.tedd.algorithm.execution.ResultsCollector - Failure message: org.openqa.selenium.NoSuchElementException: no such element: Unable to locate element: {"method":"xpath","selector":"html/body/div[1]/div/div/div[3]/table/tbody/tr[1]/td[4]/a[4]"}
Loading class `com.mysql.jdbc.Driver'. This is deprecated. The new driver class is `com.mysql.cj.jdbc.Driver'. The driver is automatically registered via the SPI and manual loading of the driver class is generally unnecessary.
SLF4J: No SLF4J providers were found.
SLF4J: Defaulting to no-operation (NOP) logger implementation
SLF4J: See https://www.slf4j.org/codes.html#noProviders for further details.
SLF4J: Class path contains SLF4J bindings targeting slf4j-api versions 1.7.x or earlier.
SLF4J: Ignoring binding found at [jar:file:/home/vagrant/.m2/repository/org/slf4j/slf4j-nop/1.7.25/slf4j-nop-1.7.25.jar!/org/slf4j/impl/StaticLoggerBinder.class]
SLF4J: See https://www.slf4j.org/codes.html#ignoredBindings for an explanation.
ChromeDriver was started successfully.
ChromeDriver was started successfully.
2023-07-19 16:36:47,422 INFO org.mb.tedd.algorithm.execution.RemoteJUnitCore - Run 2 + 0
2023-07-19 16:36:47,423 INFO org.mb.tedd.algorithm.execution.RemoteJUnitCore - Failed 1
2023-07-19 16:36:47,424 INFO org.mb.tedd.algorithm.execution.RemoteJUnitCore - Ignored 0
2023-07-19 16:36:47,430 INFO org.mb.tedd.algorithm.execution.ResultsCollector - Test PasswordManagerCheckUsedTagsTest failed
2023-07-19 16:36:47,431 INFO org.mb.tedd.algorithm.execution.ResultsCollector - Failure message: org.openqa.selenium.NoSuchElementException: no such element: Unable to locate element: {"method":"xpath","selector":"html/body/div[1]/div/div/div[3]/table/tbody/tr[1]/td[4]/a[4]"}
Loading class `com.mysql.jdbc.Driver'. This is deprecated. The new driver class is `com.mysql.cj.jdbc.Driver'. The driver is automatically registered via the SPI and manual loading of the driver class is generally unnecessary.
SLF4J: No SLF4J providers were found.
SLF4J: Defaulting to no-operation (NOP) logger implementation
SLF4J: See https://www.slf4j.org/codes.html#noProviders for further details.
SLF4J: Class path contains SLF4J bindings targeting slf4j-api versions 1.7.x or earlier.
SLF4J: Ignoring binding found at [jar:file:/home/vagrant/.m2/repository/org/slf4j/slf4j-nop/1.7.25/slf4j-nop-1.7.25.jar!/org/slf4j/impl/StaticLoggerBinder.class]
SLF4J: See https://www.slf4j.org/codes.html#ignoredBindings for an explanation.
ChromeDriver was started successfully.
ChromeDriver was started successfully.
2023-07-19 16:36:55,126 INFO org.mb.tedd.algorithm.execution.RemoteJUnitCore - Run 2 + 0
2023-07-19 16:36:55,127 INFO org.mb.tedd.algorithm.execution.RemoteJUnitCore - Failed 1
2023-07-19 16:36:55,127 INFO org.mb.tedd.algorithm.execution.RemoteJUnitCore - Ignored 0
2023-07-19 16:36:55,134 INFO org.mb.tedd.algorithm.execution.ResultsCollector - Test PasswordManagerCheckUsedTagsTest failed
2023-07-19 16:36:55,135 INFO org.mb.tedd.algorithm.execution.ResultsCollector - Failure message: org.openqa.selenium.NoSuchElementException: no such element: Unable to locate element: {"method":"xpath","selector":"html/body/div[1]/div/div/div[3]/table/tbody/tr[1]/td[4]/a[4]"}
Loading class `com.mysql.jdbc.Driver'. This is deprecated. The new driver class is `com.mysql.cj.jdbc.Driver'. The driver is automatically registered via the SPI and manual loading of the driver class is generally unnecessary.
SLF4J: No SLF4J providers were found.
SLF4J: Defaulting to no-operation (NOP) logger implementation
SLF4J: See https://www.slf4j.org/codes.html#noProviders for further details.
SLF4J: Class path contains SLF4J bindings targeting slf4j-api versions 1.7.x or earlier.
SLF4J: Ignoring binding found at [jar:file:/home/vagrant/.m2/repository/org/slf4j/slf4j-nop/1.7.25/slf4j-nop-1.7.25.jar!/org/slf4j/impl/StaticLoggerBinder.class]
SLF4J: See https://www.slf4j.org/codes.html#ignoredBindings for an explanation.
ChromeDriver was started successfully.
ChromeDriver was started successfully.
2023-07-19 16:37:03,178 INFO org.mb.tedd.algorithm.execution.RemoteJUnitCore - Run 2 + 0
2023-07-19 16:37:03,179 INFO org.mb.tedd.algorithm.execution.RemoteJUnitCore - Failed 1
2023-07-19 16:37:03,180 INFO org.mb.tedd.algorithm.execution.RemoteJUnitCore - Ignored 0
2023-07-19 16:37:03,187 INFO org.mb.tedd.algorithm.execution.ResultsCollector - Test PasswordManagerCheckUsedTagsTest failed
2023-07-19 16:37:03,189 INFO org.mb.tedd.algorithm.execution.ResultsCollector - Failure message: org.openqa.selenium.NoSuchElementException: no such element: Unable to locate element: {"method":"xpath","selector":"html/body/div[1]/div/div/div[3]/table/tbody/tr[1]/td[4]/a[4]"}
Loading class `com.mysql.jdbc.Driver'. This is deprecated. The new driver class is `com.mysql.cj.jdbc.Driver'. The driver is automatically registered via the SPI and manual loading of the driver class is generally unnecessary.
SLF4J: No SLF4J providers were found.
SLF4J: Defaulting to no-operation (NOP) logger implementation
SLF4J: See https://www.slf4j.org/codes.html#noProviders for further details.
SLF4J: Class path contains SLF4J bindings targeting slf4j-api versions 1.7.x or earlier.
SLF4J: Ignoring binding found at [jar:file:/home/vagrant/.m2/repository/org/slf4j/slf4j-nop/1.7.25/slf4j-nop-1.7.25.jar!/org/slf4j/impl/StaticLoggerBinder.class]
SLF4J: See https://www.slf4j.org/codes.html#ignoredBindings for an explanation.
ChromeDriver was started successfully.
ChromeDriver was started successfully.
2023-07-19 16:37:13,632 INFO org.mb.tedd.algorithm.execution.RemoteJUnitCore - Run 2 + 0
2023-07-19 16:37:13,633 INFO org.mb.tedd.algorithm.execution.RemoteJUnitCore - Failed 1
2023-07-19 16:37:13,634 INFO org.mb.tedd.algorithm.execution.RemoteJUnitCore - Ignored 0
2023-07-19 16:37:13,641 INFO org.mb.tedd.algorithm.execution.ResultsCollector - Test PasswordManagerCheckUsedTagsTest failed
2023-07-19 16:37:13,644 INFO org.mb.tedd.algorithm.execution.ResultsCollector - Failure message: org.openqa.selenium.NoSuchElementException: no such element: Unable to locate element: {"method":"xpath","selector":"html/body/div[1]/div/div/div[3]/table/tbody/tr[1]/td[4]/a[4]"}
Loading class `com.mysql.jdbc.Driver'. This is deprecated. The new driver class is `com.mysql.cj.jdbc.Driver'. The driver is automatically registered via the SPI and manual loading of the driver class is generally unnecessary.
SLF4J: No SLF4J providers were found.
SLF4J: Defaulting to no-operation (NOP) logger implementation
SLF4J: See https://www.slf4j.org/codes.html#noProviders for further details.
SLF4J: Class path contains SLF4J bindings targeting slf4j-api versions 1.7.x or earlier.
SLF4J: Ignoring binding found at [jar:file:/home/vagrant/.m2/repository/org/slf4j/slf4j-nop/1.7.25/slf4j-nop-1.7.25.jar!/org/slf4j/impl/StaticLoggerBinder.class]
SLF4J: See https://www.slf4j.org/codes.html#ignoredBindings for an explanation.
ChromeDriver was started successfully.
ChromeDriver was started successfully.
2023-07-19 16:37:31,712 INFO org.mb.tedd.algorithm.execution.RemoteJUnitCore - Run 2 + 0
2023-07-19 16:37:31,712 INFO org.mb.tedd.algorithm.execution.RemoteJUnitCore - Failed 1
2023-07-19 16:37:31,713 INFO org.mb.tedd.algorithm.execution.RemoteJUnitCore - Ignored 0
2023-07-19 16:37:31,719 INFO org.mb.tedd.algorithm.execution.ResultsCollector - Test PasswordManagerCheckUsedTagsTest failed
2023-07-19 16:37:31,720 INFO org.mb.tedd.algorithm.execution.ResultsCollector - Failure message: org.openqa.selenium.NoSuchElementException: no such element: Unable to locate element: {"method":"xpath","selector":"html/body/div[1]/div/div/div[3]/table/tbody/tr[3]/td[2]"}
Loading class `com.mysql.jdbc.Driver'. This is deprecated. The new driver class is `com.mysql.cj.jdbc.Driver'. The driver is automatically registered via the SPI and manual loading of the driver class is generally unnecessary.
SLF4J: No SLF4J providers were found.
SLF4J: Defaulting to no-operation (NOP) logger implementation
SLF4J: See https://www.slf4j.org/codes.html#noProviders for further details.
SLF4J: Class path contains SLF4J bindings targeting slf4j-api versions 1.7.x or earlier.
SLF4J: Ignoring binding found at [jar:file:/home/vagrant/.m2/repository/org/slf4j/slf4j-nop/1.7.25/slf4j-nop-1.7.25.jar!/org/slf4j/impl/StaticLoggerBinder.class]
SLF4J: See https://www.slf4j.org/codes.html#ignoredBindings for an explanation.
ChromeDriver was started successfully.
ChromeDriver was started successfully.
ChromeDriver was started successfully.
2023-07-19 16:37:49,901 INFO org.mb.tedd.algorithm.execution.RemoteJUnitCore - Run 3 + 0
2023-07-19 16:37:49,902 INFO org.mb.tedd.algorithm.execution.RemoteJUnitCore - Failed 0
2023-07-19 16:37:49,902 INFO org.mb.tedd.algorithm.execution.RemoteJUnitCore - Ignored 0
Loading class `com.mysql.jdbc.Driver'. This is deprecated. The new driver class is `com.mysql.cj.jdbc.Driver'. The driver is automatically registered via the SPI and manual loading of the driver class is generally unnecessary.
SLF4J: No SLF4J providers were found.
SLF4J: Defaulting to no-operation (NOP) logger implementation
SLF4J: See https://www.slf4j.org/codes.html#noProviders for further details.
SLF4J: Class path contains SLF4J bindings targeting slf4j-api versions 1.7.x or earlier.
SLF4J: Ignoring binding found at [jar:file:/home/vagrant/.m2/repository/org/slf4j/slf4j-nop/1.7.25/slf4j-nop-1.7.25.jar!/org/slf4j/impl/StaticLoggerBinder.class]
SLF4J: See https://www.slf4j.org/codes.html#ignoredBindings for an explanation.
ChromeDriver was started successfully.
ChromeDriver was started successfully.
2023-07-19 16:38:06,869 INFO org.mb.tedd.algorithm.execution.RemoteJUnitCore - Run 2 + 0
2023-07-19 16:38:06,870 INFO org.mb.tedd.algorithm.execution.RemoteJUnitCore - Failed 1
2023-07-19 16:38:06,870 INFO org.mb.tedd.algorithm.execution.RemoteJUnitCore - Ignored 0
2023-07-19 16:38:06,878 INFO org.mb.tedd.algorithm.execution.ResultsCollector - Test PasswordManagerRemoveMultipleEntriesTest failed
2023-07-19 16:38:06,878 INFO org.mb.tedd.algorithm.execution.ResultsCollector - Failure message: org.openqa.selenium.TimeoutException: Expected condition failed: waiting for presence of element located by: By.xpath: html/body/div[1]/div/div/div[3]/table/tbody/tr[2]/td[4]/a[5] (tried for 3 second(s) with 50 MILLISECONDS interval)
Loading class `com.mysql.jdbc.Driver'. This is deprecated. The new driver class is `com.mysql.cj.jdbc.Driver'. The driver is automatically registered via the SPI and manual loading of the driver class is generally unnecessary.
SLF4J: No SLF4J providers were found.
SLF4J: Defaulting to no-operation (NOP) logger implementation
SLF4J: See https://www.slf4j.org/codes.html#noProviders for further details.
SLF4J: Class path contains SLF4J bindings targeting slf4j-api versions 1.7.x or earlier.
SLF4J: Ignoring binding found at [jar:file:/home/vagrant/.m2/repository/org/slf4j/slf4j-nop/1.7.25/slf4j-nop-1.7.25.jar!/org/slf4j/impl/StaticLoggerBinder.class]
SLF4J: See https://www.slf4j.org/codes.html#ignoredBindings for an explanation.
ChromeDriver was started successfully.
ChromeDriver was started successfully.
2023-07-19 16:38:13,966 INFO org.mb.tedd.algorithm.execution.RemoteJUnitCore - Run 2 + 0
2023-07-19 16:38:13,966 INFO org.mb.tedd.algorithm.execution.RemoteJUnitCore - Failed 1
2023-07-19 16:38:13,967 INFO org.mb.tedd.algorithm.execution.RemoteJUnitCore - Ignored 0
2023-07-19 16:38:13,973 INFO org.mb.tedd.algorithm.execution.ResultsCollector - Test PasswordManagerRemoveMultipleEntriesTest failed
2023-07-19 16:38:13,974 INFO org.mb.tedd.algorithm.execution.ResultsCollector - Failure message: org.openqa.selenium.NoSuchElementException: no such element: Unable to locate element: {"method":"xpath","selector":"html/body/div[1]/div/div/div[3]/table/tbody/tr[1]/td[4]/a[5]"}
Loading class `com.mysql.jdbc.Driver'. This is deprecated. The new driver class is `com.mysql.cj.jdbc.Driver'. The driver is automatically registered via the SPI and manual loading of the driver class is generally unnecessary.
SLF4J: No SLF4J providers were found.
SLF4J: Defaulting to no-operation (NOP) logger implementation
SLF4J: See https://www.slf4j.org/codes.html#noProviders for further details.
SLF4J: Class path contains SLF4J bindings targeting slf4j-api versions 1.7.x or earlier.
SLF4J: Ignoring binding found at [jar:file:/home/vagrant/.m2/repository/org/slf4j/slf4j-nop/1.7.25/slf4j-nop-1.7.25.jar!/org/slf4j/impl/StaticLoggerBinder.class]
SLF4J: See https://www.slf4j.org/codes.html#ignoredBindings for an explanation.
ChromeDriver was started successfully.
ChromeDriver was started successfully.
2023-07-19 16:38:24,802 INFO org.mb.tedd.algorithm.execution.RemoteJUnitCore - Run 2 + 0
2023-07-19 16:38:24,803 INFO org.mb.tedd.algorithm.execution.RemoteJUnitCore - Failed 1
2023-07-19 16:38:24,804 INFO org.mb.tedd.algorithm.execution.RemoteJUnitCore - Ignored 0
2023-07-19 16:38:24,812 INFO org.mb.tedd.algorithm.execution.ResultsCollector - Test PasswordManagerRemoveMultipleEntriesTest failed
2023-07-19 16:38:24,813 INFO org.mb.tedd.algorithm.execution.ResultsCollector - Failure message: org.openqa.selenium.NoSuchElementException: no such element: Unable to locate element: {"method":"xpath","selector":"html/body/div[1]/div/div/div[3]/table/tbody/tr[1]/td[4]/a[5]"}
Loading class `com.mysql.jdbc.Driver'. This is deprecated. The new driver class is `com.mysql.cj.jdbc.Driver'. The driver is automatically registered via the SPI and manual loading of the driver class is generally unnecessary.
SLF4J: No SLF4J providers were found.
SLF4J: Defaulting to no-operation (NOP) logger implementation
SLF4J: See https://www.slf4j.org/codes.html#noProviders for further details.
SLF4J: Class path contains SLF4J bindings targeting slf4j-api versions 1.7.x or earlier.
SLF4J: Ignoring binding found at [jar:file:/home/vagrant/.m2/repository/org/slf4j/slf4j-nop/1.7.25/slf4j-nop-1.7.25.jar!/org/slf4j/impl/StaticLoggerBinder.class]
SLF4J: See https://www.slf4j.org/codes.html#ignoredBindings for an explanation.
ChromeDriver was started successfully.
ChromeDriver was started successfully.
2023-07-19 16:38:31,699 INFO org.mb.tedd.algorithm.execution.RemoteJUnitCore - Run 2 + 0
2023-07-19 16:38:31,700 INFO org.mb.tedd.algorithm.execution.RemoteJUnitCore - Failed 1
2023-07-19 16:38:31,701 INFO org.mb.tedd.algorithm.execution.RemoteJUnitCore - Ignored 0
2023-07-19 16:38:31,711 INFO org.mb.tedd.algorithm.execution.ResultsCollector - Test PasswordManagerRemoveMultipleEntriesTest failed
2023-07-19 16:38:31,712 INFO org.mb.tedd.algorithm.execution.ResultsCollector - Failure message: org.openqa.selenium.NoSuchElementException: no such element: Unable to locate element: {"method":"xpath","selector":"html/body/div[1]/div/div/div[3]/table/tbody/tr[1]/td[4]/a[5]"}
Loading class `com.mysql.jdbc.Driver'. This is deprecated. The new driver class is `com.mysql.cj.jdbc.Driver'. The driver is automatically registered via the SPI and manual loading of the driver class is generally unnecessary.
SLF4J: No SLF4J providers were found.
SLF4J: Defaulting to no-operation (NOP) logger implementation
SLF4J: See https://www.slf4j.org/codes.html#noProviders for further details.
SLF4J: Class path contains SLF4J bindings targeting slf4j-api versions 1.7.x or earlier.
SLF4J: Ignoring binding found at [jar:file:/home/vagrant/.m2/repository/org/slf4j/slf4j-nop/1.7.25/slf4j-nop-1.7.25.jar!/org/slf4j/impl/StaticLoggerBinder.class]
SLF4J: See https://www.slf4j.org/codes.html#ignoredBindings for an explanation.
ChromeDriver was started successfully.
ChromeDriver was started successfully.
2023-07-19 16:38:38,545 INFO org.mb.tedd.algorithm.execution.RemoteJUnitCore - Run 2 + 0
2023-07-19 16:38:38,546 INFO org.mb.tedd.algorithm.execution.RemoteJUnitCore - Failed 1
2023-07-19 16:38:38,546 INFO org.mb.tedd.algorithm.execution.RemoteJUnitCore - Ignored 0
2023-07-19 16:38:38,554 INFO org.mb.tedd.algorithm.execution.ResultsCollector - Test PasswordManagerRemoveMultipleEntriesTest failed
2023-07-19 16:38:38,555 INFO org.mb.tedd.algorithm.execution.ResultsCollector - Failure message: org.openqa.selenium.NoSuchElementException: no such element: Unable to locate element: {"method":"xpath","selector":"html/body/div[1]/div/div/div[3]/table/tbody/tr[1]/td[4]/a[5]"}
Loading class `com.mysql.jdbc.Driver'. This is deprecated. The new driver class is `com.mysql.cj.jdbc.Driver'. The driver is automatically registered via the SPI and manual loading of the driver class is generally unnecessary.
SLF4J: No SLF4J providers were found.
SLF4J: Defaulting to no-operation (NOP) logger implementation
SLF4J: See https://www.slf4j.org/codes.html#noProviders for further details.
SLF4J: Class path contains SLF4J bindings targeting slf4j-api versions 1.7.x or earlier.
SLF4J: Ignoring binding found at [jar:file:/home/vagrant/.m2/repository/org/slf4j/slf4j-nop/1.7.25/slf4j-nop-1.7.25.jar!/org/slf4j/impl/StaticLoggerBinder.class]
SLF4J: See https://www.slf4j.org/codes.html#ignoredBindings for an explanation.
ChromeDriver was started successfully.
ChromeDriver was started successfully.
2023-07-19 16:38:48,211 INFO org.mb.tedd.algorithm.execution.RemoteJUnitCore - Run 2 + 0
2023-07-19 16:38:48,212 INFO org.mb.tedd.algorithm.execution.RemoteJUnitCore - Failed 1
2023-07-19 16:38:48,217 INFO org.mb.tedd.algorithm.execution.RemoteJUnitCore - Ignored 0
2023-07-19 16:38:48,225 INFO org.mb.tedd.algorithm.execution.ResultsCollector - Test PasswordManagerRemoveMultipleEntriesTest failed
2023-07-19 16:38:48,225 INFO org.mb.tedd.algorithm.execution.ResultsCollector - Failure message: org.openqa.selenium.NoSuchElementException: no such element: Unable to locate element: {"method":"xpath","selector":"html/body/div[1]/div/div/div[3]/table/tbody/tr[1]/td[4]/a[5]"}
Loading class `com.mysql.jdbc.Driver'. This is deprecated. The new driver class is `com.mysql.cj.jdbc.Driver'. The driver is automatically registered via the SPI and manual loading of the driver class is generally unnecessary.
SLF4J: No SLF4J providers were found.
SLF4J: Defaulting to no-operation (NOP) logger implementation
SLF4J: See https://www.slf4j.org/codes.html#noProviders for further details.
SLF4J: Class path contains SLF4J bindings targeting slf4j-api versions 1.7.x or earlier.
SLF4J: Ignoring binding found at [jar:file:/home/vagrant/.m2/repository/org/slf4j/slf4j-nop/1.7.25/slf4j-nop-1.7.25.jar!/org/slf4j/impl/StaticLoggerBinder.class]
SLF4J: See https://www.slf4j.org/codes.html#ignoredBindings for an explanation.
ChromeDriver was started successfully.
ChromeDriver was started successfully.
2023-07-19 16:38:57,740 INFO org.mb.tedd.algorithm.execution.RemoteJUnitCore - Run 2 + 0
2023-07-19 16:38:57,741 INFO org.mb.tedd.algorithm.execution.RemoteJUnitCore - Failed 0
2023-07-19 16:38:57,741 INFO org.mb.tedd.algorithm.execution.RemoteJUnitCore - Ignored 0
Loading class `com.mysql.jdbc.Driver'. This is deprecated. The new driver class is `com.mysql.cj.jdbc.Driver'. The driver is automatically registered via the SPI and manual loading of the driver class is generally unnecessary.
SLF4J: No SLF4J providers were found.
SLF4J: Defaulting to no-operation (NOP) logger implementation
SLF4J: See https://www.slf4j.org/codes.html#noProviders for further details.
SLF4J: Class path contains SLF4J bindings targeting slf4j-api versions 1.7.x or earlier.
SLF4J: Ignoring binding found at [jar:file:/home/vagrant/.m2/repository/org/slf4j/slf4j-nop/1.7.25/slf4j-nop-1.7.25.jar!/org/slf4j/impl/StaticLoggerBinder.class]
SLF4J: See https://www.slf4j.org/codes.html#ignoredBindings for an explanation.
ChromeDriver was started successfully.
ChromeDriver was started successfully.
2023-07-19 16:39:07,662 INFO org.mb.tedd.algorithm.execution.RemoteJUnitCore - Run 2 + 0
2023-07-19 16:39:07,663 INFO org.mb.tedd.algorithm.execution.RemoteJUnitCore - Failed 0
2023-07-19 16:39:07,663 INFO org.mb.tedd.algorithm.execution.RemoteJUnitCore - Ignored 0
Loading class `com.mysql.jdbc.Driver'. This is deprecated. The new driver class is `com.mysql.cj.jdbc.Driver'. The driver is automatically registered via the SPI and manual loading of the driver class is generally unnecessary.
SLF4J: No SLF4J providers were found.
SLF4J: Defaulting to no-operation (NOP) logger implementation
SLF4J: See https://www.slf4j.org/codes.html#noProviders for further details.
SLF4J: Class path contains SLF4J bindings targeting slf4j-api versions 1.7.x or earlier.
SLF4J: Ignoring binding found at [jar:file:/home/vagrant/.m2/repository/org/slf4j/slf4j-nop/1.7.25/slf4j-nop-1.7.25.jar!/org/slf4j/impl/StaticLoggerBinder.class]
SLF4J: See https://www.slf4j.org/codes.html#ignoredBindings for an explanation.
ChromeDriver was started successfully.
ChromeDriver was started successfully.
2023-07-19 16:39:16,350 INFO org.mb.tedd.algorithm.execution.RemoteJUnitCore - Run 2 + 0
2023-07-19 16:39:16,351 INFO org.mb.tedd.algorithm.execution.RemoteJUnitCore - Failed 0
2023-07-19 16:39:16,352 INFO org.mb.tedd.algorithm.execution.RemoteJUnitCore - Ignored 0
Loading class `com.mysql.jdbc.Driver'. This is deprecated. The new driver class is `com.mysql.cj.jdbc.Driver'. The driver is automatically registered via the SPI and manual loading of the driver class is generally unnecessary.
SLF4J: No SLF4J providers were found.
SLF4J: Defaulting to no-operation (NOP) logger implementation
SLF4J: See https://www.slf4j.org/codes.html#noProviders for further details.
SLF4J: Class path contains SLF4J bindings targeting slf4j-api versions 1.7.x or earlier.
SLF4J: Ignoring binding found at [jar:file:/home/vagrant/.m2/repository/org/slf4j/slf4j-nop/1.7.25/slf4j-nop-1.7.25.jar!/org/slf4j/impl/StaticLoggerBinder.class]
SLF4J: See https://www.slf4j.org/codes.html#ignoredBindings for an explanation.
ChromeDriver was started successfully.
ChromeDriver was started successfully.
2023-07-19 16:39:25,148 INFO org.mb.tedd.algorithm.execution.RemoteJUnitCore - Run 2 + 0
2023-07-19 16:39:25,148 INFO org.mb.tedd.algorithm.execution.RemoteJUnitCore - Failed 1
2023-07-19 16:39:25,149 INFO org.mb.tedd.algorithm.execution.RemoteJUnitCore - Ignored 0
2023-07-19 16:39:25,154 INFO org.mb.tedd.algorithm.execution.ResultsCollector - Test PasswordManagerEditTagTest failed
2023-07-19 16:39:25,155 INFO org.mb.tedd.algorithm.execution.ResultsCollector - Assertion error: java.lang.AssertionError
	at org.junit.Assert.fail(Assert.java:86)
	at org.junit.Assert.assertTrue(Assert.java:41)
	at org.junit.Assert.assertTrue(Assert.java:52)
	at tests.PasswordManagerEditTagTest.testPasswordManagerEditTag(PasswordManagerEditTagTest.java:43)
	at java.base/jdk.internal.reflect.NativeMethodAccessorImpl.invoke0(Native Method)
	at java.base/jdk.internal.reflect.NativeMethodAccessorImpl.invoke(NativeMethodAccessorImpl.java:62)
	at java.base/jdk.internal.reflect.DelegatingMethodAccessorImpl.invoke(DelegatingMethodAccessorImpl.java:43)
	at java.base/java.lang.reflect.Method.invoke(Method.java:566)
	at org.junit.runners.model.FrameworkMethod$1.runReflectiveCall(FrameworkMethod.java:50)
	at org.junit.internal.runners.model.ReflectiveCallable.run(ReflectiveCallable.java:12)
	at org.junit.runners.model.FrameworkMethod.invokeExplosively(FrameworkMethod.java:47)
	at org.junit.internal.runners.statements.InvokeMethod.evaluate(InvokeMethod.java:17)
	at org.junit.internal.runners.statements.RunBefores.evaluate(RunBefores.java:26)
	at org.junit.internal.runners.statements.RunAfters.evaluate(RunAfters.java:27)
	at org.junit.runners.ParentRunner.runLeaf(ParentRunner.java:325)
	at org.junit.runners.BlockJUnit4ClassRunner.runChild(BlockJUnit4ClassRunner.java:78)
	at org.junit.runners.BlockJUnit4ClassRunner.runChild(BlockJUnit4ClassRunner.java:57)
	at org.junit.runners.ParentRunner$3.run(ParentRunner.java:290)
	at org.junit.runners.ParentRunner$1.schedule(ParentRunner.java:71)
	at org.junit.runners.ParentRunner.runChildren(ParentRunner.java:288)
	at org.junit.runners.ParentRunner.access$000(ParentRunner.java:58)
	at org.junit.runners.ParentRunner$2.evaluate(ParentRunner.java:268)
	at org.junit.runners.ParentRunner.run(ParentRunner.java:363)
	at org.junit.runners.Suite.runChild(Suite.java:128)
	at org.junit.runners.Suite.runChild(Suite.java:27)
	at org.junit.runners.ParentRunner$3.run(ParentRunner.java:290)
	at org.junit.runners.ParentRunner$1.schedule(ParentRunner.java:71)
	at org.junit.runners.ParentRunner.runChildren(ParentRunner.java:288)
	at org.junit.runners.ParentRunner.access$000(ParentRunner.java:58)
	at org.junit.runners.ParentRunner$2.evaluate(ParentRunner.java:268)
	at org.junit.runners.ParentRunner.run(ParentRunner.java:363)
	at org.junit.runner.JUnitCore.run(JUnitCore.java:137)
	at org.junit.runner.JUnitCore.run(JUnitCore.java:115)
	at org.junit.runner.JUnitCore.run(JUnitCore.java:105)
	at org.junit.runner.JUnitCore.run(JUnitCore.java:94)
	at org.mb.tedd.algorithm.execution.RemoteJUnitCore.main(RemoteJUnitCore.java:127)

Loading class `com.mysql.jdbc.Driver'. This is deprecated. The new driver class is `com.mysql.cj.jdbc.Driver'. The driver is automatically registered via the SPI and manual loading of the driver class is generally unnecessary.
SLF4J: No SLF4J providers were found.
SLF4J: Defaulting to no-operation (NOP) logger implementation
SLF4J: See https://www.slf4j.org/codes.html#noProviders for further details.
SLF4J: Class path contains SLF4J bindings targeting slf4j-api versions 1.7.x or earlier.
SLF4J: Ignoring binding found at [jar:file:/home/vagrant/.m2/repository/org/slf4j/slf4j-nop/1.7.25/slf4j-nop-1.7.25.jar!/org/slf4j/impl/StaticLoggerBinder.class]
SLF4J: See https://www.slf4j.org/codes.html#ignoredBindings for an explanation.
ChromeDriver was started successfully.
ChromeDriver was started successfully.
2023-07-19 16:39:31,826 INFO org.mb.tedd.algorithm.execution.RemoteJUnitCore - Run 2 + 0
2023-07-19 16:39:31,827 INFO org.mb.tedd.algorithm.execution.RemoteJUnitCore - Failed 1
2023-07-19 16:39:31,827 INFO org.mb.tedd.algorithm.execution.RemoteJUnitCore - Ignored 0
2023-07-19 16:39:31,836 INFO org.mb.tedd.algorithm.execution.ResultsCollector - Test PasswordManagerEditTagTest failed
2023-07-19 16:39:31,837 INFO org.mb.tedd.algorithm.execution.ResultsCollector - Failure message: org.openqa.selenium.NoSuchElementException: no such element: Unable to locate element: {"method":"xpath","selector":"html/body/div[1]/div/div/div[3]/table/tbody/tr/td[3]/a[2]"}
Loading class `com.mysql.jdbc.Driver'. This is deprecated. The new driver class is `com.mysql.cj.jdbc.Driver'. The driver is automatically registered via the SPI and manual loading of the driver class is generally unnecessary.
SLF4J: No SLF4J providers were found.
SLF4J: Defaulting to no-operation (NOP) logger implementation
SLF4J: See https://www.slf4j.org/codes.html#noProviders for further details.
SLF4J: Class path contains SLF4J bindings targeting slf4j-api versions 1.7.x or earlier.
SLF4J: Ignoring binding found at [jar:file:/home/vagrant/.m2/repository/org/slf4j/slf4j-nop/1.7.25/slf4j-nop-1.7.25.jar!/org/slf4j/impl/StaticLoggerBinder.class]
SLF4J: See https://www.slf4j.org/codes.html#ignoredBindings for an explanation.
ChromeDriver was started successfully.
ChromeDriver was started successfully.
2023-07-19 16:39:42,978 INFO org.mb.tedd.algorithm.execution.RemoteJUnitCore - Run 2 + 0
2023-07-19 16:39:43,000 INFO org.mb.tedd.algorithm.execution.RemoteJUnitCore - Failed 1
2023-07-19 16:39:43,000 INFO org.mb.tedd.algorithm.execution.RemoteJUnitCore - Ignored 0
2023-07-19 16:39:43,031 INFO org.mb.tedd.algorithm.execution.ResultsCollector - Test PasswordManagerEditTagTest failed
2023-07-19 16:39:43,047 INFO org.mb.tedd.algorithm.execution.ResultsCollector - Failure message: org.openqa.selenium.NoSuchElementException: no such element: Unable to locate element: {"method":"xpath","selector":"html/body/div[1]/div/div/div[3]/table/tbody/tr/td[3]/a[2]"}
Loading class `com.mysql.jdbc.Driver'. This is deprecated. The new driver class is `com.mysql.cj.jdbc.Driver'. The driver is automatically registered via the SPI and manual loading of the driver class is generally unnecessary.
SLF4J: No SLF4J providers were found.
SLF4J: Defaulting to no-operation (NOP) logger implementation
SLF4J: See https://www.slf4j.org/codes.html#noProviders for further details.
SLF4J: Class path contains SLF4J bindings targeting slf4j-api versions 1.7.x or earlier.
SLF4J: Ignoring binding found at [jar:file:/home/vagrant/.m2/repository/org/slf4j/slf4j-nop/1.7.25/slf4j-nop-1.7.25.jar!/org/slf4j/impl/StaticLoggerBinder.class]
SLF4J: See https://www.slf4j.org/codes.html#ignoredBindings for an explanation.
ChromeDriver was started successfully.
ChromeDriver was started successfully.
2023-07-19 16:39:50,325 INFO org.mb.tedd.algorithm.execution.RemoteJUnitCore - Run 2 + 0
2023-07-19 16:39:50,326 INFO org.mb.tedd.algorithm.execution.RemoteJUnitCore - Failed 1
2023-07-19 16:39:50,327 INFO org.mb.tedd.algorithm.execution.RemoteJUnitCore - Ignored 0
2023-07-19 16:39:50,334 INFO org.mb.tedd.algorithm.execution.ResultsCollector - Test PasswordManagerEditTagTest failed
2023-07-19 16:39:50,335 INFO org.mb.tedd.algorithm.execution.ResultsCollector - Failure message: org.openqa.selenium.NoSuchElementException: no such element: Unable to locate element: {"method":"xpath","selector":"html/body/div[1]/div/div/div[3]/table/tbody/tr/td[3]/a[2]"}
Loading class `com.mysql.jdbc.Driver'. This is deprecated. The new driver class is `com.mysql.cj.jdbc.Driver'. The driver is automatically registered via the SPI and manual loading of the driver class is generally unnecessary.
SLF4J: No SLF4J providers were found.
SLF4J: Defaulting to no-operation (NOP) logger implementation
SLF4J: See https://www.slf4j.org/codes.html#noProviders for further details.
SLF4J: Class path contains SLF4J bindings targeting slf4j-api versions 1.7.x or earlier.
SLF4J: Ignoring binding found at [jar:file:/home/vagrant/.m2/repository/org/slf4j/slf4j-nop/1.7.25/slf4j-nop-1.7.25.jar!/org/slf4j/impl/StaticLoggerBinder.class]
SLF4J: See https://www.slf4j.org/codes.html#ignoredBindings for an explanation.
ChromeDriver was started successfully.
ChromeDriver was started successfully.
2023-07-19 16:39:58,202 INFO org.mb.tedd.algorithm.execution.RemoteJUnitCore - Run 2 + 0
2023-07-19 16:39:58,203 INFO org.mb.tedd.algorithm.execution.RemoteJUnitCore - Failed 0
2023-07-19 16:39:58,203 INFO org.mb.tedd.algorithm.execution.RemoteJUnitCore - Ignored 0
Loading class `com.mysql.jdbc.Driver'. This is deprecated. The new driver class is `com.mysql.cj.jdbc.Driver'. The driver is automatically registered via the SPI and manual loading of the driver class is generally unnecessary.
SLF4J: No SLF4J providers were found.
SLF4J: Defaulting to no-operation (NOP) logger implementation
SLF4J: See https://www.slf4j.org/codes.html#noProviders for further details.
SLF4J: Class path contains SLF4J bindings targeting slf4j-api versions 1.7.x or earlier.
SLF4J: Ignoring binding found at [jar:file:/home/vagrant/.m2/repository/org/slf4j/slf4j-nop/1.7.25/slf4j-nop-1.7.25.jar!/org/slf4j/impl/StaticLoggerBinder.class]
SLF4J: See https://www.slf4j.org/codes.html#ignoredBindings for an explanation.
ChromeDriver was started successfully.
ChromeDriver was started successfully.
2023-07-19 16:40:07,128 INFO org.mb.tedd.algorithm.execution.RemoteJUnitCore - Run 2 + 0
2023-07-19 16:40:07,129 INFO org.mb.tedd.algorithm.execution.RemoteJUnitCore - Failed 1
2023-07-19 16:40:07,129 INFO org.mb.tedd.algorithm.execution.RemoteJUnitCore - Ignored 0
2023-07-19 16:40:07,134 INFO org.mb.tedd.algorithm.execution.ResultsCollector - Test PasswordManagerSearchMultipleEntriesTest failed
2023-07-19 16:40:07,135 INFO org.mb.tedd.algorithm.execution.ResultsCollector - Assertion error: java.lang.AssertionError
	at org.junit.Assert.fail(Assert.java:86)
	at org.junit.Assert.assertTrue(Assert.java:41)
	at org.junit.Assert.assertTrue(Assert.java:52)
	at tests.PasswordManagerSearchMultipleEntriesTest.testPasswordManagerSearchMultipleEntries(PasswordManagerSearchMultipleEntriesTest.java:45)
	at java.base/jdk.internal.reflect.NativeMethodAccessorImpl.invoke0(Native Method)
	at java.base/jdk.internal.reflect.NativeMethodAccessorImpl.invoke(NativeMethodAccessorImpl.java:62)
	at java.base/jdk.internal.reflect.DelegatingMethodAccessorImpl.invoke(DelegatingMethodAccessorImpl.java:43)
	at java.base/java.lang.reflect.Method.invoke(Method.java:566)
	at org.junit.runners.model.FrameworkMethod$1.runReflectiveCall(FrameworkMethod.java:50)
	at org.junit.internal.runners.model.ReflectiveCallable.run(ReflectiveCallable.java:12)
	at org.junit.runners.model.FrameworkMethod.invokeExplosively(FrameworkMethod.java:47)
	at org.junit.internal.runners.statements.InvokeMethod.evaluate(InvokeMethod.java:17)
	at org.junit.internal.runners.statements.RunBefores.evaluate(RunBefores.java:26)
	at org.junit.internal.runners.statements.RunAfters.evaluate(RunAfters.java:27)
	at org.junit.runners.ParentRunner.runLeaf(ParentRunner.java:325)
	at org.junit.runners.BlockJUnit4ClassRunner.runChild(BlockJUnit4ClassRunner.java:78)
	at org.junit.runners.BlockJUnit4ClassRunner.runChild(BlockJUnit4ClassRunner.java:57)
	at org.junit.runners.ParentRunner$3.run(ParentRunner.java:290)
	at org.junit.runners.ParentRunner$1.schedule(ParentRunner.java:71)
	at org.junit.runners.ParentRunner.runChildren(ParentRunner.java:288)
	at org.junit.runners.ParentRunner.access$000(ParentRunner.java:58)
	at org.junit.runners.ParentRunner$2.evaluate(ParentRunner.java:268)
	at org.junit.runners.ParentRunner.run(ParentRunner.java:363)
	at org.junit.runners.Suite.runChild(Suite.java:128)
	at org.junit.runners.Suite.runChild(Suite.java:27)
	at org.junit.runners.ParentRunner$3.run(ParentRunner.java:290)
	at org.junit.runners.ParentRunner$1.schedule(ParentRunner.java:71)
	at org.junit.runners.ParentRunner.runChildren(ParentRunner.java:288)
	at org.junit.runners.ParentRunner.access$000(ParentRunner.java:58)
	at org.junit.runners.ParentRunner$2.evaluate(ParentRunner.java:268)
	at org.junit.runners.ParentRunner.run(ParentRunner.java:363)
	at org.junit.runner.JUnitCore.run(JUnitCore.java:137)
	at org.junit.runner.JUnitCore.run(JUnitCore.java:115)
	at org.junit.runner.JUnitCore.run(JUnitCore.java:105)
	at org.junit.runner.JUnitCore.run(JUnitCore.java:94)
	at org.mb.tedd.algorithm.execution.RemoteJUnitCore.main(RemoteJUnitCore.java:127)

Loading class `com.mysql.jdbc.Driver'. This is deprecated. The new driver class is `com.mysql.cj.jdbc.Driver'. The driver is automatically registered via the SPI and manual loading of the driver class is generally unnecessary.
SLF4J: No SLF4J providers were found.
SLF4J: Defaulting to no-operation (NOP) logger implementation
SLF4J: See https://www.slf4j.org/codes.html#noProviders for further details.
SLF4J: Class path contains SLF4J bindings targeting slf4j-api versions 1.7.x or earlier.
SLF4J: Ignoring binding found at [jar:file:/home/vagrant/.m2/repository/org/slf4j/slf4j-nop/1.7.25/slf4j-nop-1.7.25.jar!/org/slf4j/impl/StaticLoggerBinder.class]
SLF4J: See https://www.slf4j.org/codes.html#ignoredBindings for an explanation.
ChromeDriver was started successfully.
ChromeDriver was started successfully.
2023-07-19 16:40:20,618 INFO org.mb.tedd.algorithm.execution.RemoteJUnitCore - Run 2 + 0
2023-07-19 16:40:20,619 INFO org.mb.tedd.algorithm.execution.RemoteJUnitCore - Failed 1
2023-07-19 16:40:20,619 INFO org.mb.tedd.algorithm.execution.RemoteJUnitCore - Ignored 0
2023-07-19 16:40:20,626 INFO org.mb.tedd.algorithm.execution.ResultsCollector - Test PasswordManagerSearchMultipleEntriesTest failed
2023-07-19 16:40:20,626 INFO org.mb.tedd.algorithm.execution.ResultsCollector - Failure message: org.openqa.selenium.NoSuchElementException: no such element: Unable to locate element: {"method":"css selector","selector":".summary"}
Loading class `com.mysql.jdbc.Driver'. This is deprecated. The new driver class is `com.mysql.cj.jdbc.Driver'. The driver is automatically registered via the SPI and manual loading of the driver class is generally unnecessary.
SLF4J: No SLF4J providers were found.
SLF4J: Defaulting to no-operation (NOP) logger implementation
SLF4J: See https://www.slf4j.org/codes.html#noProviders for further details.
SLF4J: Class path contains SLF4J bindings targeting slf4j-api versions 1.7.x or earlier.
SLF4J: Ignoring binding found at [jar:file:/home/vagrant/.m2/repository/org/slf4j/slf4j-nop/1.7.25/slf4j-nop-1.7.25.jar!/org/slf4j/impl/StaticLoggerBinder.class]
SLF4J: See https://www.slf4j.org/codes.html#ignoredBindings for an explanation.
ChromeDriver was started successfully.
ChromeDriver was started successfully.
2023-07-19 16:40:38,616 INFO org.mb.tedd.algorithm.execution.RemoteJUnitCore - Run 2 + 0
2023-07-19 16:40:38,617 INFO org.mb.tedd.algorithm.execution.RemoteJUnitCore - Failed 1
2023-07-19 16:40:38,617 INFO org.mb.tedd.algorithm.execution.RemoteJUnitCore - Ignored 0
2023-07-19 16:40:38,624 INFO org.mb.tedd.algorithm.execution.ResultsCollector - Test PasswordManagerSearchMultipleEntriesTest failed
2023-07-19 16:40:38,625 INFO org.mb.tedd.algorithm.execution.ResultsCollector - Failure message: org.openqa.selenium.NoSuchElementException: no such element: Unable to locate element: {"method":"css selector","selector":".summary"}
Loading class `com.mysql.jdbc.Driver'. This is deprecated. The new driver class is `com.mysql.cj.jdbc.Driver'. The driver is automatically registered via the SPI and manual loading of the driver class is generally unnecessary.
SLF4J: No SLF4J providers were found.
SLF4J: Defaulting to no-operation (NOP) logger implementation
SLF4J: See https://www.slf4j.org/codes.html#noProviders for further details.
SLF4J: Class path contains SLF4J bindings targeting slf4j-api versions 1.7.x or earlier.
SLF4J: Ignoring binding found at [jar:file:/home/vagrant/.m2/repository/org/slf4j/slf4j-nop/1.7.25/slf4j-nop-1.7.25.jar!/org/slf4j/impl/StaticLoggerBinder.class]
SLF4J: See https://www.slf4j.org/codes.html#ignoredBindings for an explanation.
ChromeDriver was started successfully.
ChromeDriver was started successfully.
2023-07-19 16:40:51,513 INFO org.mb.tedd.algorithm.execution.RemoteJUnitCore - Run 2 + 0
2023-07-19 16:40:51,514 INFO org.mb.tedd.algorithm.execution.RemoteJUnitCore - Failed 1
2023-07-19 16:40:51,514 INFO org.mb.tedd.algorithm.execution.RemoteJUnitCore - Ignored 0
2023-07-19 16:40:51,521 INFO org.mb.tedd.algorithm.execution.ResultsCollector - Test PasswordManagerSearchMultipleEntriesTest failed
2023-07-19 16:40:51,522 INFO org.mb.tedd.algorithm.execution.ResultsCollector - Failure message: org.openqa.selenium.NoSuchElementException: no such element: Unable to locate element: {"method":"css selector","selector":".summary"}
Loading class `com.mysql.jdbc.Driver'. This is deprecated. The new driver class is `com.mysql.cj.jdbc.Driver'. The driver is automatically registered via the SPI and manual loading of the driver class is generally unnecessary.
SLF4J: No SLF4J providers were found.
SLF4J: Defaulting to no-operation (NOP) logger implementation
SLF4J: See https://www.slf4j.org/codes.html#noProviders for further details.
SLF4J: Class path contains SLF4J bindings targeting slf4j-api versions 1.7.x or earlier.
SLF4J: Ignoring binding found at [jar:file:/home/vagrant/.m2/repository/org/slf4j/slf4j-nop/1.7.25/slf4j-nop-1.7.25.jar!/org/slf4j/impl/StaticLoggerBinder.class]
SLF4J: See https://www.slf4j.org/codes.html#ignoredBindings for an explanation.
ChromeDriver was started successfully.
ChromeDriver was started successfully.
2023-07-19 16:41:03,919 INFO org.mb.tedd.algorithm.execution.RemoteJUnitCore - Run 2 + 0
2023-07-19 16:41:03,920 INFO org.mb.tedd.algorithm.execution.RemoteJUnitCore - Failed 1
2023-07-19 16:41:03,921 INFO org.mb.tedd.algorithm.execution.RemoteJUnitCore - Ignored 0
2023-07-19 16:41:03,928 INFO org.mb.tedd.algorithm.execution.ResultsCollector - Test PasswordManagerSearchMultipleEntriesTest failed
2023-07-19 16:41:03,929 INFO org.mb.tedd.algorithm.execution.ResultsCollector - Failure message: org.openqa.selenium.NoSuchElementException: no such element: Unable to locate element: {"method":"css selector","selector":".summary"}
Loading class `com.mysql.jdbc.Driver'. This is deprecated. The new driver class is `com.mysql.cj.jdbc.Driver'. The driver is automatically registered via the SPI and manual loading of the driver class is generally unnecessary.
SLF4J: No SLF4J providers were found.
SLF4J: Defaulting to no-operation (NOP) logger implementation
SLF4J: See https://www.slf4j.org/codes.html#noProviders for further details.
SLF4J: Class path contains SLF4J bindings targeting slf4j-api versions 1.7.x or earlier.
SLF4J: Ignoring binding found at [jar:file:/home/vagrant/.m2/repository/org/slf4j/slf4j-nop/1.7.25/slf4j-nop-1.7.25.jar!/org/slf4j/impl/StaticLoggerBinder.class]
SLF4J: See https://www.slf4j.org/codes.html#ignoredBindings for an explanation.
ChromeDriver was started successfully.
ChromeDriver was started successfully.
2023-07-19 16:41:21,115 INFO org.mb.tedd.algorithm.execution.RemoteJUnitCore - Run 2 + 0
2023-07-19 16:41:21,116 INFO org.mb.tedd.algorithm.execution.RemoteJUnitCore - Failed 1
2023-07-19 16:41:21,116 INFO org.mb.tedd.algorithm.execution.RemoteJUnitCore - Ignored 0
2023-07-19 16:41:21,124 INFO org.mb.tedd.algorithm.execution.ResultsCollector - Test PasswordManagerSearchMultipleEntriesTest failed
2023-07-19 16:41:21,126 INFO org.mb.tedd.algorithm.execution.ResultsCollector - Failure message: org.openqa.selenium.NoSuchElementException: no such element: Unable to locate element: {"method":"css selector","selector":".summary"}
Loading class `com.mysql.jdbc.Driver'. This is deprecated. The new driver class is `com.mysql.cj.jdbc.Driver'. The driver is automatically registered via the SPI and manual loading of the driver class is generally unnecessary.
SLF4J: No SLF4J providers were found.
SLF4J: Defaulting to no-operation (NOP) logger implementation
SLF4J: See https://www.slf4j.org/codes.html#noProviders for further details.
SLF4J: Class path contains SLF4J bindings targeting slf4j-api versions 1.7.x or earlier.
SLF4J: Ignoring binding found at [jar:file:/home/vagrant/.m2/repository/org/slf4j/slf4j-nop/1.7.25/slf4j-nop-1.7.25.jar!/org/slf4j/impl/StaticLoggerBinder.class]
SLF4J: See https://www.slf4j.org/codes.html#ignoredBindings for an explanation.
ChromeDriver was started successfully.
ChromeDriver was started successfully.
2023-07-19 16:41:36,201 INFO org.mb.tedd.algorithm.execution.RemoteJUnitCore - Run 2 + 0
2023-07-19 16:41:36,202 INFO org.mb.tedd.algorithm.execution.RemoteJUnitCore - Failed 0
2023-07-19 16:41:36,203 INFO org.mb.tedd.algorithm.execution.RemoteJUnitCore - Ignored 0
Loading class `com.mysql.jdbc.Driver'. This is deprecated. The new driver class is `com.mysql.cj.jdbc.Driver'. The driver is automatically registered via the SPI and manual loading of the driver class is generally unnecessary.
SLF4J: No SLF4J providers were found.
SLF4J: Defaulting to no-operation (NOP) logger implementation
SLF4J: See https://www.slf4j.org/codes.html#noProviders for further details.
SLF4J: Class path contains SLF4J bindings targeting slf4j-api versions 1.7.x or earlier.
SLF4J: Ignoring binding found at [jar:file:/home/vagrant/.m2/repository/org/slf4j/slf4j-nop/1.7.25/slf4j-nop-1.7.25.jar!/org/slf4j/impl/StaticLoggerBinder.class]
SLF4J: See https://www.slf4j.org/codes.html#ignoredBindings for an explanation.
ChromeDriver was started successfully.
ChromeDriver was started successfully.
2023-07-19 16:41:46,451 INFO org.mb.tedd.algorithm.execution.RemoteJUnitCore - Run 2 + 0
2023-07-19 16:41:46,452 INFO org.mb.tedd.algorithm.execution.RemoteJUnitCore - Failed 0
2023-07-19 16:41:46,453 INFO org.mb.tedd.algorithm.execution.RemoteJUnitCore - Ignored 0
Loading class `com.mysql.jdbc.Driver'. This is deprecated. The new driver class is `com.mysql.cj.jdbc.Driver'. The driver is automatically registered via the SPI and manual loading of the driver class is generally unnecessary.
SLF4J: No SLF4J providers were found.
SLF4J: Defaulting to no-operation (NOP) logger implementation
SLF4J: See https://www.slf4j.org/codes.html#noProviders for further details.
SLF4J: Class path contains SLF4J bindings targeting slf4j-api versions 1.7.x or earlier.
SLF4J: Ignoring binding found at [jar:file:/home/vagrant/.m2/repository/org/slf4j/slf4j-nop/1.7.25/slf4j-nop-1.7.25.jar!/org/slf4j/impl/StaticLoggerBinder.class]
SLF4J: See https://www.slf4j.org/codes.html#ignoredBindings for an explanation.
ChromeDriver was started successfully.
ChromeDriver was started successfully.
2023-07-19 16:41:57,569 INFO org.mb.tedd.algorithm.execution.RemoteJUnitCore - Run 2 + 0
2023-07-19 16:41:57,569 INFO org.mb.tedd.algorithm.execution.RemoteJUnitCore - Failed 0
2023-07-19 16:41:57,570 INFO org.mb.tedd.algorithm.execution.RemoteJUnitCore - Ignored 0
Loading class `com.mysql.jdbc.Driver'. This is deprecated. The new driver class is `com.mysql.cj.jdbc.Driver'. The driver is automatically registered via the SPI and manual loading of the driver class is generally unnecessary.
SLF4J: No SLF4J providers were found.
SLF4J: Defaulting to no-operation (NOP) logger implementation
SLF4J: See https://www.slf4j.org/codes.html#noProviders for further details.
SLF4J: Class path contains SLF4J bindings targeting slf4j-api versions 1.7.x or earlier.
SLF4J: Ignoring binding found at [jar:file:/home/vagrant/.m2/repository/org/slf4j/slf4j-nop/1.7.25/slf4j-nop-1.7.25.jar!/org/slf4j/impl/StaticLoggerBinder.class]
SLF4J: See https://www.slf4j.org/codes.html#ignoredBindings for an explanation.
ChromeDriver was started successfully.
ChromeDriver was started successfully.
2023-07-19 16:42:07,346 INFO org.mb.tedd.algorithm.execution.RemoteJUnitCore - Run 2 + 0
2023-07-19 16:42:07,346 INFO org.mb.tedd.algorithm.execution.RemoteJUnitCore - Failed 0
2023-07-19 16:42:07,347 INFO org.mb.tedd.algorithm.execution.RemoteJUnitCore - Ignored 0
Loading class `com.mysql.jdbc.Driver'. This is deprecated. The new driver class is `com.mysql.cj.jdbc.Driver'. The driver is automatically registered via the SPI and manual loading of the driver class is generally unnecessary.
SLF4J: No SLF4J providers were found.
SLF4J: Defaulting to no-operation (NOP) logger implementation
SLF4J: See https://www.slf4j.org/codes.html#noProviders for further details.
SLF4J: Class path contains SLF4J bindings targeting slf4j-api versions 1.7.x or earlier.
SLF4J: Ignoring binding found at [jar:file:/home/vagrant/.m2/repository/org/slf4j/slf4j-nop/1.7.25/slf4j-nop-1.7.25.jar!/org/slf4j/impl/StaticLoggerBinder.class]
SLF4J: See https://www.slf4j.org/codes.html#ignoredBindings for an explanation.
ChromeDriver was started successfully.
ChromeDriver was started successfully.
2023-07-19 16:42:16,909 INFO org.mb.tedd.algorithm.execution.RemoteJUnitCore - Run 2 + 0
2023-07-19 16:42:16,910 INFO org.mb.tedd.algorithm.execution.RemoteJUnitCore - Failed 0
2023-07-19 16:42:16,910 INFO org.mb.tedd.algorithm.execution.RemoteJUnitCore - Ignored 0
Loading class `com.mysql.jdbc.Driver'. This is deprecated. The new driver class is `com.mysql.cj.jdbc.Driver'. The driver is automatically registered via the SPI and manual loading of the driver class is generally unnecessary.
SLF4J: No SLF4J providers were found.
SLF4J: Defaulting to no-operation (NOP) logger implementation
SLF4J: See https://www.slf4j.org/codes.html#noProviders for further details.
SLF4J: Class path contains SLF4J bindings targeting slf4j-api versions 1.7.x or earlier.
SLF4J: Ignoring binding found at [jar:file:/home/vagrant/.m2/repository/org/slf4j/slf4j-nop/1.7.25/slf4j-nop-1.7.25.jar!/org/slf4j/impl/StaticLoggerBinder.class]
SLF4J: See https://www.slf4j.org/codes.html#ignoredBindings for an explanation.
ChromeDriver was started successfully.
ChromeDriver was started successfully.
2023-07-19 16:42:28,991 INFO org.mb.tedd.algorithm.execution.RemoteJUnitCore - Run 2 + 0
2023-07-19 16:42:28,992 INFO org.mb.tedd.algorithm.execution.RemoteJUnitCore - Failed 1
2023-07-19 16:42:28,992 INFO org.mb.tedd.algorithm.execution.RemoteJUnitCore - Ignored 0
2023-07-19 16:42:28,999 INFO org.mb.tedd.algorithm.execution.ResultsCollector - Test PasswordManagerRemoveTagTest failed
2023-07-19 16:42:29,000 INFO org.mb.tedd.algorithm.execution.ResultsCollector - Failure message: org.openqa.selenium.NoSuchElementException: no such element: Unable to locate element: {"method":"css selector","selector":".empty"}
Loading class `com.mysql.jdbc.Driver'. This is deprecated. The new driver class is `com.mysql.cj.jdbc.Driver'. The driver is automatically registered via the SPI and manual loading of the driver class is generally unnecessary.
SLF4J: No SLF4J providers were found.
SLF4J: Defaulting to no-operation (NOP) logger implementation
SLF4J: See https://www.slf4j.org/codes.html#noProviders for further details.
SLF4J: Class path contains SLF4J bindings targeting slf4j-api versions 1.7.x or earlier.
SLF4J: Ignoring binding found at [jar:file:/home/vagrant/.m2/repository/org/slf4j/slf4j-nop/1.7.25/slf4j-nop-1.7.25.jar!/org/slf4j/impl/StaticLoggerBinder.class]
SLF4J: See https://www.slf4j.org/codes.html#ignoredBindings for an explanation.
ChromeDriver was started successfully.
ChromeDriver was started successfully.
2023-07-19 16:42:39,124 INFO org.mb.tedd.algorithm.execution.RemoteJUnitCore - Run 2 + 0
2023-07-19 16:42:39,125 INFO org.mb.tedd.algorithm.execution.RemoteJUnitCore - Failed 1
2023-07-19 16:42:39,125 INFO org.mb.tedd.algorithm.execution.RemoteJUnitCore - Ignored 0
2023-07-19 16:42:39,131 INFO org.mb.tedd.algorithm.execution.ResultsCollector - Test PasswordManagerRemoveTagTest failed
2023-07-19 16:42:39,132 INFO org.mb.tedd.algorithm.execution.ResultsCollector - Failure message: org.openqa.selenium.NoSuchElementException: no such element: Unable to locate element: {"method":"xpath","selector":"html/body/div[1]/div/div/div[3]/table/tbody/tr/td[3]/a[3]"}
Loading class `com.mysql.jdbc.Driver'. This is deprecated. The new driver class is `com.mysql.cj.jdbc.Driver'. The driver is automatically registered via the SPI and manual loading of the driver class is generally unnecessary.
SLF4J: No SLF4J providers were found.
SLF4J: Defaulting to no-operation (NOP) logger implementation
SLF4J: See https://www.slf4j.org/codes.html#noProviders for further details.
SLF4J: Class path contains SLF4J bindings targeting slf4j-api versions 1.7.x or earlier.
SLF4J: Ignoring binding found at [jar:file:/home/vagrant/.m2/repository/org/slf4j/slf4j-nop/1.7.25/slf4j-nop-1.7.25.jar!/org/slf4j/impl/StaticLoggerBinder.class]
SLF4J: See https://www.slf4j.org/codes.html#ignoredBindings for an explanation.
ChromeDriver was started successfully.
ChromeDriver was started successfully.
2023-07-19 16:42:53,014 INFO org.mb.tedd.algorithm.execution.RemoteJUnitCore - Run 2 + 0
2023-07-19 16:42:53,014 INFO org.mb.tedd.algorithm.execution.RemoteJUnitCore - Failed 1
2023-07-19 16:42:53,014 INFO org.mb.tedd.algorithm.execution.RemoteJUnitCore - Ignored 0
2023-07-19 16:42:53,021 INFO org.mb.tedd.algorithm.execution.ResultsCollector - Test PasswordManagerRemoveTagTest failed
2023-07-19 16:42:53,022 INFO org.mb.tedd.algorithm.execution.ResultsCollector - Failure message: org.openqa.selenium.NoSuchElementException: no such element: Unable to locate element: {"method":"xpath","selector":"html/body/div[1]/div/div/div[3]/table/tbody/tr/td[3]/a[3]"}
Loading class `com.mysql.jdbc.Driver'. This is deprecated. The new driver class is `com.mysql.cj.jdbc.Driver'. The driver is automatically registered via the SPI and manual loading of the driver class is generally unnecessary.
SLF4J: No SLF4J providers were found.
SLF4J: Defaulting to no-operation (NOP) logger implementation
SLF4J: See https://www.slf4j.org/codes.html#noProviders for further details.
SLF4J: Class path contains SLF4J bindings targeting slf4j-api versions 1.7.x or earlier.
SLF4J: Ignoring binding found at [jar:file:/home/vagrant/.m2/repository/org/slf4j/slf4j-nop/1.7.25/slf4j-nop-1.7.25.jar!/org/slf4j/impl/StaticLoggerBinder.class]
SLF4J: See https://www.slf4j.org/codes.html#ignoredBindings for an explanation.
ChromeDriver was started successfully.
ChromeDriver was started successfully.
2023-07-19 16:43:03,327 INFO org.mb.tedd.algorithm.execution.RemoteJUnitCore - Run 2 + 0
2023-07-19 16:43:03,328 INFO org.mb.tedd.algorithm.execution.RemoteJUnitCore - Failed 1
2023-07-19 16:43:03,328 INFO org.mb.tedd.algorithm.execution.RemoteJUnitCore - Ignored 0
2023-07-19 16:43:03,334 INFO org.mb.tedd.algorithm.execution.ResultsCollector - Test PasswordManagerRemoveTagTest failed
2023-07-19 16:43:03,335 INFO org.mb.tedd.algorithm.execution.ResultsCollector - Failure message: org.openqa.selenium.NoSuchElementException: no such element: Unable to locate element: {"method":"xpath","selector":"html/body/div[1]/div/div/div[3]/table/tbody/tr/td[3]/a[3]"}
Loading class `com.mysql.jdbc.Driver'. This is deprecated. The new driver class is `com.mysql.cj.jdbc.Driver'. The driver is automatically registered via the SPI and manual loading of the driver class is generally unnecessary.
SLF4J: No SLF4J providers were found.
SLF4J: Defaulting to no-operation (NOP) logger implementation
SLF4J: See https://www.slf4j.org/codes.html#noProviders for further details.
SLF4J: Class path contains SLF4J bindings targeting slf4j-api versions 1.7.x or earlier.
SLF4J: Ignoring binding found at [jar:file:/home/vagrant/.m2/repository/org/slf4j/slf4j-nop/1.7.25/slf4j-nop-1.7.25.jar!/org/slf4j/impl/StaticLoggerBinder.class]
SLF4J: See https://www.slf4j.org/codes.html#ignoredBindings for an explanation.
ChromeDriver was started successfully.
ChromeDriver was started successfully.
2023-07-19 16:43:11,018 INFO org.mb.tedd.algorithm.execution.RemoteJUnitCore - Run 2 + 0
2023-07-19 16:43:11,019 INFO org.mb.tedd.algorithm.execution.RemoteJUnitCore - Failed 0
2023-07-19 16:43:11,020 INFO org.mb.tedd.algorithm.execution.RemoteJUnitCore - Ignored 0
Loading class `com.mysql.jdbc.Driver'. This is deprecated. The new driver class is `com.mysql.cj.jdbc.Driver'. The driver is automatically registered via the SPI and manual loading of the driver class is generally unnecessary.
SLF4J: No SLF4J providers were found.
SLF4J: Defaulting to no-operation (NOP) logger implementation
SLF4J: See https://www.slf4j.org/codes.html#noProviders for further details.
SLF4J: Class path contains SLF4J bindings targeting slf4j-api versions 1.7.x or earlier.
SLF4J: Ignoring binding found at [jar:file:/home/vagrant/.m2/repository/org/slf4j/slf4j-nop/1.7.25/slf4j-nop-1.7.25.jar!/org/slf4j/impl/StaticLoggerBinder.class]
SLF4J: See https://www.slf4j.org/codes.html#ignoredBindings for an explanation.
ChromeDriver was started successfully.
ChromeDriver was started successfully.
2023-07-19 16:43:20,404 INFO org.mb.tedd.algorithm.execution.RemoteJUnitCore - Run 2 + 0
2023-07-19 16:43:20,405 INFO org.mb.tedd.algorithm.execution.RemoteJUnitCore - Failed 0
2023-07-19 16:43:20,405 INFO org.mb.tedd.algorithm.execution.RemoteJUnitCore - Ignored 0
574357366e7ed3ab4cb05cb2650c467d94574b1cdfff651f80cb4e22af1e9310
574357366e7ed3ab4cb05cb2650c467d94574b1cdfff651f80cb4e22af1e9310
